10000
148 4537
2371 1910
6032 6139
4923 5622
7446 8622
3032 8074
3796 7348
5975 4391
3824 7914
2812 6797
5109 1529
9426 6312
4771 5954
4647 491
3471 4267
2554 216
2803 4969
6261 1012
9621 9679
8518 1242
7584 8534
6458 1421
3969 798
3037 3347
5718 9542
6731 2462
5180 4055
2165 1901
3492 9494
2337 820
9734 617
4280 4392
4286 2522
6282 8255
1379 5228
6064 8438
6735 3947
2317 9747
1444 9575
3172 685
2296 3554
681 3593
7225 6553
2009 247
4376 2977
2654 3276
5837 3523
3541 8562
8247 2697
831 223
8551 297
3563 2722
4495 3154
3604 1092
1321 7831
7415 125
7193 1641
1448 1492
4561 4392
55 7852
8860 1595
819 8700
3583 4142
660 3822
5073 5997
5328 9100
8186 879
5984 9895
1388 8246
4655 792
5685 5428
8851 2907
7398 2049
1782 6457
6251 347
1138 8741
9750 4333
7233 2459
8216 5508
1249 6021
2449 2879
4030 7134
4758 9302
3902 3899
7267 4028
1235 9783
2948 1337
7544 3951
5200 4050
1837 5454
7654 1835
8567 5083
696 2895
6922 1056
7062 5293
7340 4685
7703 5894
2547 4941
931 5301
1290 3431
4540 7407
1701 7369
1906 4700
8795 7393
4568 9637
5141 9981
9143 3679
4651 6564
8132 5544
7063 3829
377 8576
5223 5791
7634 315
7404 3201
3123 1557
1550 868
5543 8005
8327 150
1841 3765
8289 9353
7816 2898
4003 9901
9122 880
2550 3786
597 8801
3949 4641
4119 5078
2252 67
5749 7973
6519 8194
6185 4317
837 569
1385 9238
1393 7559
8122 9726
2133 6864
8419 640
7169 5141
4500 2006
5007 2099
9384 2977
5956 4027
7981 1927
7144 4690
2197 6189
9276 6265
1466 8310
941 3341
5521 5547
4201 7394
7804 5644
501 1708
2253 695
7855 3999
8906 4104
8010 7769
8546 6641
5417 4285
4731 3658
5430 7746
1534 6074
9517 9356
2795 7367
4675 1978
8456 2396
784 288
8075 1994
2029 2119
5425 225
8020 2066
3426 6094
7683 4579
9460 9384
439 6078
2433 3911
1082 7613
8530 9765
4319 2245
3963 9961
4986 183
4837 736
3641 4170
3411 6653
9088 5543
3748 1876
5851 3302
8281 8770
2633 7225
4513 4591
5375 8438
8735 2039
7789 809
1203 422
968 5306
3814 7508
8145 9179
3086 6384
6418 870
82 2144
117 8646
7865 1016
2353 1731
8403 5865
3346 2386
5633 3902
5397 2157
8751 3730
2217 1376
1206 2228
5479 8981
5668 527
4851 1104
7530 9571
6053 1214
4291 5625
8731 1770
6547 646
963 4209
526 222
4767 8728
7304 9980
6249 1931
8638 7615
2535 4265
5892 392
548 9308
9368 6946
9012 2845
3235 2626
9049 5465
1414 1664
4534 13
7632 949
1909 5961
9849 2087
2878 3058
2047 6513
9824 2521
3315 6967
2103 6411
7321 1145
2485 7929
7904 4870
7666 2202
9294 3365
3843 8414
2624 9470
6587 2150
7445 1439
4331 2273
4287 4652
8593 9704
4401 8215
6646 1517
3842 6929
3008 1200
154 8976
5227 1011
6932 1507
4735 4495
3532 3395
1743 4919
1008 5659
9654 6173
2404 7113
356 4034
9519 214
2753 9443
1749 3587
1418 9344
9977 2822
6539 6767
9576 2165
2842 1394
6259 7008
7906 8725
6782 5348
5413 971
7076 1486
6792 2058
2107 6765
6001 9428
6403 5709
6257 6729
904 9392
2872 9258
2122 7374
3258 9392
3505 15
2957 3677
4981 3398
5469 7570
2392 113
1847 5394
9958 8384
6662 6229
6564 7443
1789 7776
4013 8248
7081 3539
3609 3412
8349 2884
2085 2416
8880 107
2970 2854
1956 3598
4445 7341
2179 1231
3442 2370
2850 4308
3768 6888
8083 1558
9642 2755
9792 5692
149 2352
4574 2761
6329 1687
823 9140
687 2724
6065 9160
5005 9267
5987 4188
626 2908
4022 820
5346 7822
811 2201
5638 4943
2358 7365
7563 9027
3704 8162
2397 8876
296 6500
4434 6818
3327 2548
1404 2180
2014 3247
5343 1630
3918 9616
391 4347
652 4970
335 7662
8509 6393
680 3437
9176 490
8499 1918
8660 3000
1756 7157
2982 8842
1099 9661
5533 3227
8623 373
6391 5512
2496 574
9431 5808
7916 5011
3615 7687
2697 9641
7249 7036
4072 2361
959 8685
3627 2570
8937 5320
2073 5634
5472 325
7675 2095
2021 1360
8566 466
4584 3852
9497 524
918 5365
4304 8428
344 3269
6112 2536
5621 4346
6631 6347
2623 8918
9593 3151
5150 4137
5360 7388
8675 7931
7217 4257
1813 5501
6331 4096
1739 7073
2304 4159
1208 8183
8206 2765
8447 9690
9247 3379
7087 2444
3977 204
2356 7374
1160 2391
4964 227
6546 5675
4341 630
5029 2842
5218 1497
1775 9242
6093 8736
2966 720
1250 1454
9852 831
4867 1376
6761 225
2295 4440
4836 6148
6011 2219
6360 1735
8204 8270
3385 8390
7586 1068
9315 35
7411 796
4110 4054
3635 6082
8963 2167
4489 9043
6769 5610
9079 7502
6250 4923
3287 7351
9071 8266
2062 2535
5542 1962
8232 241
9324 5301
7221 9415
1131 1811
1521 446
5819 1324
5553 5565
7238 4251
5689 9340
2406 1957
961 5387
2568 344
5635 8258
7839 5287
6031 2152
1376 6565
3621 950
937 9122
603 3982
8011 5171
3632 327
9413 1254
4843 5627
3574 2052
4506 803
565 9368
8966 2641
1445 2081
4278 9839
1514 8883
3243 4120
8691 2835
9728 3572
7919 4434
6098 7833
903 8139
7746 3151
7265 8681
7857 1154
5814 5068
5678 8558
8753 284
7924 5015
5177 7821
4505 2072
6573 7061
448 2398
1774 4618
8662 1348
4922 464
3419 480
2806 9762
5202 1694
2571 5855
1658 716
4065 424
8743 6727
6523 6249
6238 3013
1545 741
7032 8836
4152 3541
4073 5697
5801 1250
7787 348
2038 3842
23 7883
574 4577
5231 9868
1463 6896
6202 400
2458 5203
3446 3333
5358 8982
7571 6355
6169 5040
8615 3002
4884 3916
5860 1947
2448 324
8950 2245
3161 8608
7794 7986
3821 6447
5839 6113
9087 8868
7796 9974
9625 3043
8900 3695
5929 2076
6537 5673
4827 5943
9309 6884
987 5650
3417 9987
7968 8760
5767 8775
8875 3443
5769 5181
3036 7493
2557 7238
6702 706
6319 2886
5735 5840
5933 8735
7198 6530
582 1887
4750 9698
4752 4553
412 6382
2958 8945
6476 3429
8137 2811
3094 4435
5095 3076
4397 8090
125 5649
5691 3218
719 104
5435 3747
3216 4972
1886 3521
9192 1294
4784 6344
3496 5681
3404 1161
547 3325
1439 6068
159 1751
1565 9543
8635 4495
2363 9639
1238 3819
9608 157
1661 6276
7930 6244
4688 6222
3300 3328
4253 4940
5836 1410
3732 1076
1700 6906
6051 7919
64 5596
3068 8597
8297 6904
5616 5943
2250 7331
6667 7053
8721 7147
3983 2498
1731 8298
5771 7437
6028 9176
379 8626
375 4215
1298 538
3286 714
225 5663
1932 262
1738 4715
872 9293
4891 1442
3016 7383
2239 6253
6341 9987
9464 4618
18 365
3111 865
642 3393
2952 3529
9774 5104
6469 3307
5723 8784
7191 7013
5960 3802
1216 8771
8351 4127
3100 3161
5025 4267
4355 2389
7201 3582
4587 9396
2870 7767
9251 4354
6753 8482
2231 8343
5548 8212
7862 3151
1182 3029
2640 3337
3984 9279
938 7795
4044 6229
2502 789
3439 6246
6933 4796
7533 5779
8659 8344
215 3005
3844 1353
1643 1588
2173 8214
1150 3164
7619 3902
131 4465
5897 7988
7116 2477
6289 6117
6508 7832
6777 2156
1043 9841
3991 5641
9358 3531
1285 6654
4021 7914
6524 2604
4207 4494
9778 4732
7030 6144
6007 3297
5046 8747
8225 6300
6649 2974
1806 1968
6262 3040
1732 8152
3359 2595
3430 4390
8492 6733
675 1503
5475 2580
1985 2756
6199 9161
8729 1475
6180 6055
7690 3598
6019 4476
8942 1754
2442 1367
9911 2572
7305 3364
8110 2272
5357 3077
3837 8874
5309 7154
8080 6513
9152 5347
4839 986
768 2188
9762 8466
3368 1129
6301 5438
6901 9355
5051 887
163 9283
909 1825
5628 493
1889 5531
437 6414
8846 2525
9561 1202
9109 1758
9144 1120
6581 9300
3695 9280
6229 2176
3924 7855
7559 9514
5673 1265
363 2841
7785 9367
7633 919
4848 2450
6569 8163
2436 455
3852 8839
1664 5460
5517 4828
3579 291
9889 844
3365 1853
167 1063
9684 977
1583 2120
8336 2725
8377 7050
4640 5294
5331 3878
4342 5740
8511 4079
1578 6840
24 1376
535 8384
534 8693
2993 9811
6316 3288
557 426
3500 30
2054 1799
6811 2386
2574 896
2383 3857
806 1758
6178 326
4835 3202
8832 9175
9490 1000
3311 4832
7264 8608
5152 3840
9160 2121
9878 5442
6432 5695
9081 3197
7782 4343
6525 2270
9063 7578
3693 1125
3042 1711
7932 9951
8798 7853
5974 5795
6174 6624
8929 3967
470 3866
6107 7204
2875 684
1991 6176
3879 2997
5905 3900
9427 1964
2972 9334
5406 7514
3639 4864
5028 1898
422 3577
8997 7348
3262 5499
6323 1191
2294 3606
233 7606
2420 2171
6757 8293
2112 7196
329 2308
8853 9155
6271 732
1809 1201
8174 4553
6980 3065
4480 87
715 6556
7754 3984
2798 6295
9636 4902
5530 9707
9591 2381
9432 4108
5651 459
6088 5805
8990 8244
5686 730
9803 8815
9479 3863
3429 2718
5882 8472
2049 5069
341 2609
74 233
5506 8175
9329 52
7926 9991
4130 5382
5589 2063
8472 951
4215 6603
5041 8363
4079 4073
1767 4335
4037 3376
9692 5138
9592 1973
1887 6661
7600 5518
6887 7670
1729 348
1278 1658
130 8851
6798 3978
6788 7068
7168 5633
8506 8094
2668 6564
3197 9385
6572 1969
6502 5860
7403 652
3088 1976
3302 2934
3002 7437
457 816
5920 2932
4857 1295
2978 5205
1673 2945
4785 9371
5163 320
3939 3310
3513 9685
6948 7776
9527 7424
7820 8571
4730 7205
5727 5033
103 2985
7686 580
889 8830
6492 800
4218 6028
9356 3575
9506 6162
888 2900
7203 7389
1584 883
8026 6438
9259 2343
925 1889
9273 3293
8661 148
1455 752
1268 2470
4614 2765
8153 9977
5191 809
9365 9481
8699 1312
1406 7686
506 3567
7627 239
4046 7813
9111 5713
829 2631
9838 5887
6414 5714
8516 2242
4671 1349
5797 2532
2095 1871
1263 8232
4426 7957
348 765
8159 4135
5020 8980
6626 9269
8775 3295
999 5628
1693 8267
7736 2934
438 5424
9272 8818
658 8119
4515 9329
9013 8107
2493 1377
7287 9444
2698 1998
9366 2785
199 5062
7343 3381
3137 8812
9855 9236
3454 6993
4779 5038
8152 8462
8318 7532
858 5653
9297 5354
7973 8106
8708 2388
8253 4829
9594 1333
1486 4666
9511 9468
5604 2708
242 7168
7433 221
9937 1767
3936 7402
884 6066
2081 3638
7182 268
4995 7636
4457 628
7854 5849
4414 9591
9017 9674
973 1794
8414 5843
4026 8535
2693 1289
3099 190
9442 9041
9333 5616
7188 9648
3224 4335
8304 405
7551 8248
5666 1781
2955 796
4790 1639
3387 7723
2035 2352
6495 6132
6232 2928
906 426
5122 2317
4147 3543
7048 8958
5809 2070
2050 4892
3895 4700
4556 3317
7748 8807
5210 2402
2407 7355
8616 2074
1004 3049
2163 3207
3607 1522
9142 9769
6956 4908
3666 8440
8111 1890
7829 8414
8806 7905
5674 7124
455 2193
8039 2749
3773 3074
6218 2177
8428 6440
5976 7436
4589 5625
9400 2647
7431 2549
2820 3893
2060 7237
7983 9602
6143 2840
6467 6760
9827 922
4562 3170
5972 951
5509 1685
2288 5968
6771 6620
4466 1596
359 1684
2202 6530
9719 1144
1429 3972
3499 7582
464 6462
1952 4115
1048 5872
508 3635
9617 2713
7093 5452
3705 5286
1302 6165
4261 666
7332 8537
7813 1007
3166 3529
8955 2332
2620 306
7636 9656
6410 6795
4443 2655
873 355
2549 7875
1488 4057
9584 357
7896 6460
122 9685
8681 7605
8098 1368
7156 1874
2114 3032
9154 901
1799 3392
3662 9037
7534 872
6983 9476
6738 6911
8664 9530
3778 3144
2729 3329
4205 7495
3283 4281
9715 2205
4541 2173
5287 3297
9396 638
1516 7903
3022 8175
3299 6630
4428 1842
3135 1837
9835 18
1594 8583
9555 1216
7301 616
4904 7667
9170 6023
3324 9835
4173 2149
9262 8021
7303 2701
9999 4437
6270 494
6595 3407
7040 1685
5085 6055
6044 335
5368 4795
6124 8046
8271 2286
3389 6635
2309 2503
9807 1628
9042 4106
9066 2390
1875 1445
6386 2389
3608 2943
7133 3082
8821 2173
1040 1990
8484 1845
4300 2629
7230 1096
989 2237
2785 5210
8629 9416
7270 2485
2979 5486
2484 9214
5285 1511
8089 1798
2199 2353
6733 1428
1918 8126
2452 961
7566 4768
8726 4981
4523 4088
6327 8193
3396 812
1626 830
1753 4583
8030 1477
5881 8102
3753 4575
1337 1665
5862 1038
4379 7448
4415 764
7129 9951
6817 8243
4154 2732
2196 1293
539 4719
3083 111
7282 2754
47 4512
3114 705
5144 5327
6505 9932
8799 2437
2933 3484
8107 8646
733 8019
1879 6351
2816 4760
5486 1707
7810 7922
7709 4983
6620 7475
3533 9016
1602 9767
5569 2762
140 2686
7161 795
5768 759
208 6184
6038 9471
1572 3319
480 2665
2778 7493
6161 4463
2666 2721
6181 2329
8103 314
5665 1643
4916 4598
1366 116
6737 9379
7668 2837
5405 6625
6330 1392
7157 3728
950 4003
5600 7431
9904 6547
4740 3558
4493 7309
4780 7406
1207 41
1570 1613
2879 9456
7894 7455
6579 5857
3686 9298
5556 6415
9206 778
5128 5359
8072 8581
9301 1631
5962 5344
3518 313
9349 3978
6166 7257
6361 5560
6194 5099
1784 7114
9110 554
7508 173
5977 8997
8921 1985
8705 7780
9677 428
1808 8282
4953 2624
8292 8780
4492 7865
3073 8402
4876 6554
611 1835
1955 8968
2583 3639
2118 4040
7614 912
9508 4550
6755 873
6576 5271
8649 8699
5500 6432
6335 5740
5497 5031
9367 4817
7621 7785
6907 6279
4751 9148
8878 9821
343 3095
4145 1748
583 9055
4272 4987
5434 1604
5886 6613
2734 9820
5485 1116
6526 4399
9014 5403
4530 3347
1038 983
6624 8810
4015 431
323 5226
7851 788
8543 5388
1573 4843
2373 7815
5815 802
3663 3262
5854 1296
5669 1896
1505 3312
8251 6384
5834 7664
6242 5181
9373 390
5153 2163
5298 5602
5778 8314
5250 7259
5539 5278
591 6596
1769 7112
8353 4862
9062 1740
7155 9330
95 7827
2076 2047
3459 8122
1678 3938
2438 972
4570 9093
2292 9980
724 3098
7616 7542
9096 1928
5018 343
5856 1702
7456 6570
3737 6
3629 166
1964 6148
1515 6773
7510 7648
6673 7335
8657 2202
6160 6759
891 5020
4908 6381
6841 9709
7482 7636
5219 6595
2862 8445
9239 3113
5027 1413
4931 6483
5226 884
2943 2670
7480 6262
5463 6156
9429 3726
7475 8687
4966 4184
8076 3508
9136 4702
1524 3251
2609 3390
1069 469
4208 5594
4004 7574
5462 1394
3617 1948
1305 2686
1103 9143
2246 1119
9382 5482
3519 678
6658 5114
2127 2182
8411 7301
9626 7495
6888 8101
1987 5195
6131 166
2278 2549
9875 2853
30 167
7216 4234
3682 1884
8770 5768
2027 4534
5578 8179
4400 3561
6269 5298
5493 824
7667 8247
753 992
3503 4123
3047 6275
651 9709
5094 6518
8525 7741
8653 5917
976 277
6085 166
3719 2072
9114 9764
6995 4207
3357 8654
2887 3008
6235 4712
7441 1136
7177 3409
8861 2204
3661 9918
4722 4995
3817 3925
7664 9287
5129 733
6147 7188
8913 6740
3360 5840
4270 5666
3481 933
9845 2525
8307 1340
7937 9581
3934 8171
4770 9410
9502 9793
1219 548
2809 9327
4503 410
6718 1098
8723 8461
1175 6720
5861 7263
115 5880
2510 3926
5489 7598
9347 7118
4274 8877
2240 1231
1597 654
4467 5644
8774 7057
5198 7117
3516 3418
5082 5293
5703 9503
7472 6855
2142 2496
4305 3837
1165 4791
3727 1834
4293 3617
8587 4665
4118 5228
7971 5526
9127 7297
4567 5205
3017 725
649 9713
7998 5388
5424 2646
2473 7389
6533 8193
1765 1085
8457 551
143 7893
1204 1204
4806 5814
6862 8311
8926 6560
8953 2235
2137 6990
5138 7639
8682 8548
5097 8488
8302 2460
5615 222
6847 8669
168 3125
2524 3694
7873 7942
3872 2604
1209 526
5804 7351
1370 414
5522 1762
7281 2884
2236 3258
4821 1704
6320 3767
9354 3658
1976 4802
6863 4987
3226 8279
2104 5130
4220 3404
960 2992
2321 6289
9791 47
8123 9866
4353 8087
4933 9049
170 7370
5257 1504
9953 914
4542 1717
6785 3807
9050 4455
5289 8662
2401 9410
9946 519
1621 703
4295 4671
573 8415
7078 3919
2032 1335
4202 6587
596 2126
1948 1189
4959 69
8061 4155
8256 2152
9582 352
8197 3635
3653 1112
4150 6279
3369 1206
4914 3486
5629 8394
5370 8395
9639 822
4502 9911
6928 8688
2380 5720
9364 2670
7463 3636
7618 605
9204 2453
7288 7539
5990 3661
8581 9719
7276 6893
8410 1934
4446 7058
5481 8792
9077 2208
4115 5035
5182 8386
1483 848
4963 5584
7967 7435
330 2595
593 5887
3208 2726
749 2450
9929 1566
1630 13
9525 7517
1704 1975
695 5826
1083 6947
8269 9620
5636 9208
2974 9727
355 8737
2754 4030
6264 2246
1452 9210
4985 9305
487 1331
2340 2227
6008 718
6084 576
5106 8206
1659 41
9246 9911
8085 3154
3961 5887
9686 3285
4902 3238
7052 7245
6651 6089
2935 1157
1114 7618
8066 9379
7354 3187
5964 5152
9323 1892
4038 2602
8067 7273
120 6604
5108 8536
1434 2461
4619 7290
2873 5576
5263 3937
1246 474
7200 3354
9691 9362
9185 4899
1060 6613
5164 1471
4482 9567
4033 1576
6263 338
4045 4054
6683 7737
1790 8334
3463 8060
7864 6669
9443 1690
9488 1477
9765 6210
5145 8440
5428 9348
5567 4
8382 727
818 383
779 3882
6968 9827
5470 639
2328 1676
7911 7878
6925 576
2299 5127
6196 2351
1511 8371
5216 1853
2503 6988
9495 6684
7496 3666
8865 2062
2367 2353
7624 7914
2275 2104
6882 6877
3832 6187
2154 1524
9389 5996
9500 6711
7999 3590
7025 6457
9040 9659
7817 9535
4900 1792
718 8286
4263 1542
7492 6536
5634 2411
9984 7544
7184 3841
177 3133
8043 5037
169 8773
8617 2195
4734 59
5140 4289
9304 2131
9572 5195
6797 8099
9257 6054
4452 629
1546 8423
7251 4603
4092 4429
5075 9315
533 1533
5566 8108
1470 7229
4471 1320
5477 9412
8756 1347
1800 7281
748 8003
4406 217
467 8530
3150 4422
1476 425
2917 9197
2271 9310
5545 7759
7462 1520
406 7684
6880 4257
5013 4787
1214 9156
7902 645
735 5944
2855 4604
4035 9268
9157 7263
3048 9220
3975 760
7075 5411
6377 512
1303 1114
1684 7130
5624 713
2735 3166
6852 3141
8579 3415
7450 7762
9312 1728
6824 9393
562 4747
2244 4908
7236 3
1018 7664
1353 8148
9964 8811
6656 152
6637 5111
3178 2020
3269 6
910 6147
2895 9263
3441 801
7617 873
8718 6860
1908 9111
5932 5415
8488 6628
9380 2175
6358 9839
3863 6114
7647 7640
2497 3197
9906 1036
3767 8358
7928 767
7162 3163
5112 6233
9467 8314
9019 1554
9381 304
4117 7153
1465 758
521 2691
6905 4810
2030 2520
775 635
2096 2707
9795 3095
2965 8802
1607 8521
5045 2619
4365 6350
3974 5064
5925 4840
2416 2821
5842 6390
6484 5752
8816 4146
5488 9617
9444 5611
2790 3732
9054 5205
9138 307
1581 3359
7107 192
1654 9636
5859 1746
6875 2372
878 9718
32 7412
3087 7017
1670 3349
6049 1780
5595 8161
9563 4952
7684 4044
6379 5066
2920 1465
9988 3297
5644 5867
6893 7167
6447 2510
378 9821
7631 9030
4935 491
6741 5047
2061 4743
7293 1173
3809 9516
8888 7373
5568 2798
6472 7940
1041 1059
6190 3040
6097 21
9979 7028
6138 790
7457 4401
6081 2308
3788 4186
7000 7854
137 1511
620 7622
4532 989
757 2345
7638 4493
4161 9979
9557 731
247 887
3795 5536
4781 5382
1891 4387
8841 5070
7495 7316
306 5694
3907 4074
8385 2456
7769 8718
4002 8303
9930 1223
8620 3826
2882 2521
7262 9880
2634 377
4801 8365
7421 5475
9853 2540
5194 8318
552 5887
89 4175
6483 7492
4744 9452
6699 1280
3343 3330
7134 7689
4017 1435
8188 464
1243 8136
2632 1373
5079 1510
6745 1950
4791 6895
2113 145
5132 9263
6123 6528
1284 2649
273 6237
8200 2218
7211 4255
6506 1229
721 3245
5755 8479
4998 2330
2559 1700
4086 2657
1318 7754
8754 7505
8112 7518
4629 6170
9282 3261
3862 4921
9641 9628
1857 5954
618 4330
2262 5949
3550 9206
6459 7923
248 4812
2566 5209
4140 5556
8652 4652
6884 9405
9658 1071
6592 8743
4138 9618
9675 9183
2576 9172
8405 143
9763 2762
4670 582
8427 8337
3209 4340
1814 1234
1326 8490
7615 3988
7761 6800
4838 2072
4309 1288
8562 5023
5115 2258
502 2207
4386 8735
8760 6486
9850 2282
6574 2734
4630 4133
9832 2500
8365 1857
9469 5411
9775 2097
6990 3732
5742 673
7318 3418
9735 6593
3909 218
5994 5127
381 2217
9409 9220
5784 4250
6203 9510
3599 8502
1559 2671
7313 7997
6171 8964
9118 2013
6260 4890
6528 4145
3491 7165
6586 5453
916 8577
7187 1079
8211 1933
8928 8953
3972 8006
5523 7253
1815 41
6615 3721
3261 7788
637 5189
2904 2085
1375 8089
1502 651
7317 9570
6351 2717
8641 3191
9913 6097
7355 7743
7128 942
7712 2743
4128 8061
5012 2162
7589 4076
2491 304
1544 8372
3462 2915
5744 6860
8148 4478
4456 8766
5333 4528
2168 2985
2426 976
222 839
9441 6682
2090 5170
4895 4938
8680 7953
8106 5815
7630 2727
3701 3954
9530 3375
8976 9120
5841 2609
2229 277
3280 1449
4093 5410
6860 2842
6705 337
7174 4557
6767 79
7054 8543
2718 5146
7097 3546
3994 6924
4608 6323
4269 8632
2962 2885
5599 9155
7375 6172
112 1141
9857 3750
5983 3249
2440 838
4719 434
4096 137
5893 1991
6942 4206
9038 4001
5846 1840
7697 1611
2639 2710
9498 2089
421 9822
6770 3013
5538 2534
7481 8215
9577 9083
2740 2020
6684 279
7515 378
9436 7765
6500 1113
8763 55
7622 8692
183 7131
2856 633
7379 5114
7195 334
1244 1634
1225 3630
1895 1429
4765 3667
1656 8162
2 2036
8078 8147
204 306
3253 456
3903 782
1786 4898
9434 9134
1389 9315
5726 7697
3652 7045
2725 399
8433 9673
5992 277
5670 9042
8317 3456
5259 66
2263 6553
3319 644
6957 4145
7526 2362
5857 1742
9741 2296
4687 1797
2551 1121
6708 72
9133 161
3333 5875
7723 2588
6517 5171
4855 774
1831 4567
5440 1171
907 6234
5823 8720
3612 9616
8487 9394
2219 7680
7026 2255
9521 6945
9651 875
6628 6281
1557 3637
3791 3074
6951 1857
2465 9631
9399 1239
1710 9471
1835 6221
528 8080
4268 4241
6308 9926
1507 1370
6135 5852
5432 8465
6436 4795
8505 6971
4547 5642
8508 329
9908 2102
1592 98
7395 690
5716 8735
267 7201
5988 2792
7536 7570
2653 8286
3207 2076
3485 5401
3065 9227
7786 9364
7538 7659
8218 6167
6654 419
4080 9540
6322 6852
6762 7221
4522 8947
3214 3540
364 7812
3106 1292
2552 3753
1773 1151
2394 1322
2178 4199
1142 2645
8009 9842
3603 3336
8695 2521
8333 3053
4108 2560
7110 2247
6018 3204
1057 3483
6016 688
2272 9617
5185 4961
99 1388
4377 5116
7662 2247
3498 6077
2797 5585
59 1234
8679 651
8022 8455
3344 5088
9248 9892
9706 5925
3587 1925
6630 2482
758 586
7620 1952
2400 2639
2739 7108
8994 8909
9182 6619
3115 6641
3783 4936
7004 4091
5037 2219
8310 6459
262 8243
7423 5720
6542 7622
8420 6258
1033 5999
1427 1162
7051 7944
6794 3230
1014 2184
4188 4938
3298 8304
9961 2636
563 4993
7326 951
6400 6145
9092 4620
4813 3343
3694 8980
7170 2563
8003 8514
915 2570
5877 4023
2243 8977
8621 1239
5912 8065
9433 3131
9398 6651
409 5334
5970 7461
3041 797
6552 9860
8550 3858
2187 6923
283 2288
5371 4228
9463 2765
1239 4301
6877 8299
7853 7461
5494 4000
9447 5303
9612 1560
627 4807
5746 9912
576 380
6159 6293
5120 749
1117 7924
3141 4624
5508 7477
9224 2656
6139 1451
4919 3469
8776 8493
2827 6825
4497 4450
7772 7393
9402 5817
4282 6938
3851 6072
1758 3037
5979 4855
8651 1060
2088 6172
3515 2261
896 8361
6910 6144
7927 7075
5171 2533
9645 3861
9209 1528
5158 2822
3370 2472
2851 5175
8400 5468
9549 9120
5906 5520
515 347
1804 224
8242 8017
9149 4755
4531 9669
3487 1243
2541 512
1341 5819
1491 8411
1588 9816
8180 3250
8265 547
8683 5352
7255 6614
2768 2726
5429 3630
7422 3081
5699 7002
1863 8475
4643 2738
1688 882
7715 3834
3169 2695
1728 2295
1888 1528
8023 8193
3480 1632
5781 9035
9319 9589
8099 4848
8940 7860
4871 5039
5601 5353
3095 5641
3542 5395
4815 3177
9446 694
897 2516
5349 161
3619 8338
954 114
955 1420
5246 4999
6029 5527
3416 6503
7542 5665
2775 3856
3325 7595
63 3140
1541 9718
6076 2223
4387 8753
8628 4251
2885 6914
6342 9510
8578 7732
6012 290
4344 3585
5772 446
8767 6720
5069 4996
203 8354
5098 7348
666 5480
3982 9936
6876 2760
6243 9704
446 8481
4190 375
6355 443
2330 2942
5476 8900
7897 9088
9457 8727
826 671
4407 2254
2399 4886
2255 3226
5104 3335
4864 1361
2995 4614
7342 392
2757 9718
4911 1554
3089 2644
3509 3081
6493 8258
5813 4906
3407 8293
1220 215
4213 1201
1171 3640
7610 7972
1092 6082
6712 2417
9468 4236
8532 3567
9031 8190
3508 1442
8840 7339
1198 1081
8614 1985
4228 552
7594 8992
9526 6135
6413 9672
3091 7628
7022 9799
6914 2501
9784 9281
5961 9722
8157 6049
8037 2401
1936 1057
3669 5186
3024 1541
5850 7693
3708 9181
6839 6057
3553 6268
2758 64
2605 6979
8295 3912
853 1522
9611 5939
4755 6208
9061 4282
2379 5081
6751 7638
2045 2153
1843 3024
9217 5576
4988 2634
2412 9413
2414 5534
3916 9254
3320 3974
5677 8575
514 6845
5690 2546
6387 7733
8113 5735
3623 9657
8459 8092
1312 549
5067 5663
2368 930
726 2731
8968 6343
3096 8448
8120 3646
4020 2343
9271 979
964 6389
8450 3283
9956 5710
6290 8243
7863 525
2152 7775
1372 8177
7011 8853
2002 4027
9767 4946
3148 5398
5147 172
2673 8615
8897 9584
6300 5638
8139 8942
8192 8909
2682 8450
4195 4031
6682 2581
5367 9803
7391 6164
189 5841
3084 2256
1145 3476
5848 1175
275 7219
6353 7457
9881 7730
595 910
6885 8349
5422 1103
5952 110
4537 2098
4605 7932
1364 2307
2655 5512
1231 6880
1166 1764
7901 8605
9573 4035
4978 4088
1167 2631
7360 750
9328 4632
9931 8015
5936 1553
181 989
1242 4992
742 7884
6245 6942
6347 8197
5307 3389
8710 5884
8176 1264
6520 8804
1178 8448
2892 8223
6740 1789
6074 3515
8379 4721
2188 1355
6311 2044
9912 3042
9580 5117
2990 9526
570 3533
8959 4707
9275 193
2015 6430
4009 8768
5457 9133
4255 8786
81 3715
4591 3947
1563 9504
2261 6118
5361 6985
4546 5718
1641 3685
6802 7530
8389 8042
7987 4816
8771 3814
7519 6477
6326 7376
2523 7178
7844 624
9230 2609
2595 3532
4157 1305
5483 614
7024 6271
1342 6563
7815 8646
7038 1326
8768 3074
7358 5582
8084 7008
1392 5636
6113 1048
6372 7640
5313 2967
7199 3525
6897 8502
538 3474
4229 7936
5901 723
7527 8115
9043 4576
5913 8773
3800 2517
3074 3611
8974 7132
7172 2036
4358 7814
5831 8203
4818 4512
9302 5550
3239 1764
6988 1609
4332 2173
1562 2552
2702 5696
4334 8379
1157 5577
6551 1451
1023 4099
3712 9261
3996 4970
1744 3701
5820 8901
6993 4334
8895 8110
1158 8984
5855 6789
196 5329
6464 6629
1025 4040
269 7846
6816 9279
6195 9716
4628 6671
8985 1054
129 1169
5504 2514
6287 442
1196 2199
2022 1320
3565 5852
8717 4732
4285 5424
9694 8551
1777 8371
9893 392
5088 395
2569 2358
3448 2746
6623 7369
3108 5887
6367 7039
8199 475
9974 5340
5234 4694
1201 9298
4239 3521
1900 3363
9596 4782
7101 6723
8130 7293
7176 5314
7780 9625
4283 1880
9986 7715
1556 2819
2453 2015
5339 62
7730 7932
9131 1651
9634 5352
9337 2195
7202 5269
5084 1156
5868 2885
4543 3547
1609 1660
5918 1611
2847 7191
9816 8670
152 8808
2560 5234
7429 4836
4436 4455
7041 1263
3898 7270
7612 9591
3477 2196
4461 7007
4704 6264
4198 9742
6633 9290
5527 4265
1986 6734
2564 6732
4165 4576
2462 271
772 5937
9184 6199
6949 5457
4775 5211
4174 1966
5379 2042
4245 812
8785 8553
9828 5943
8891 1810
4303 9702
4139 6266
6873 8305
7307 6642
7802 9701
7659 3649
3806 1957
6828 2705
7818 4869
3733 120
7554 1218
4226 1017
8978 2276
7295 4250
4777 5928
299 295
9481 8792
7565 1656
2984 1356
5332 6224
7990 2406
9232 7159
8479 6665
6061 9097
4499 7210
7112 862
2755 4075
3697 5115
4564 9076
1369 2346
7057 8291
8494 1783
5363 9895
8746 4492
9027 7256
349 3998
1579 378
9894 776
4650 3603
1149 7638
9879 3561
5852 6213
5985 5296
3053 8314
8474 5795
2276 5618
1727 5282
1108 5913
8082 9068
8194 2733
8187 5853
771 468
4404 4026
1552 2843
6543 955
3011 4274
8958 6026
9860 2245
3755 8746
9205 2109
4192 9738
6830 2440
8813 1018
3528 469
3631 8926
8535 562
6825 6098
8606 5354
4384 317
228 4538
3910 9850
3218 6932
8291 2196
1450 7863
2589 8464
4372 8908
504 9232
9258 9557
4906 5334
8686 5218
1819 3110
966 4373
9340 1584
1344 2056
5232 1708
7929 9868
7881 2216
6478 4452
3517 3455
2610 7569
2669 5899
8960 8640
2457 6398
462 8241
3051 1628
7649 9146
3456 747
6033 9549
5151 6078
3307 422
4069 9983
3725 8441
3176 3996
8313 3193
990 7748
8834 8700
8358 1603
4340 9375
6009 1611
286 901
759 3476
6273 452
8715 7526
1123 2610
1192 5221
4594 588
5353 6877
9264 9928
214 1935
1635 3197
1478 2971
6187 4193
5411 9071
1532 6706
7151 1808
8839 2775
5242 7399
5465 1016
6103 4623
5880 140
2708 4828
5958 835
9685 6223
7671 9603
3926 5720
9492 3719
6697 1884
7327 7046
2273 904
7396 7137
1740 9412
3751 6401
6280 9021
6713 7470
2763 2541
4071 4323
7266 5356
7083 5889
7405 1804
1261 5569
4710 2448
1492 3232
4932 1661
2603 3093
463 5413
5872 4693
4102 7873
6810 2681
9788 5837
5466 126
4984 4505
982 175
1703 9133
2419 767
8212 9501
5505 8763
9747 3855
4664 6654
1580 4345
8810 9300
1902 15
3945 1540
8820 4428
4772 5353
134 3824
1330 8513
9647 7530
2650 2776
2622 8662
4234 5862
1779 5145
3497 8487
6247 780
6908 8122
967 7462
2945 4397
1687 3997
9952 4600
5123 4575
6069 983
2941 2525
7239 4141
1358 2425
9696 5574
4423 1088
9053 1852
83 3897
9269 8574
4802 2543
902 988
4830 9565
6444 1015
3303 2360
7345 7
716 7602
9524 1741
1273 4429
3012 2203
6927 5485
3340 4850
6971 962
8778 4795
6571 1941
7007 1224
4176 4801
6275 589
4204 7461
7807 9082
9051 1976
3097 4811
8827 8284
8074 2626
7212 3895
3388 9876
919 6799
7372 6946
5385 7477
229 1034
4668 5412
6378 4238
5199 618
2070 403
3403 4518
2517 1357
3812 1588
2830 6346
8758 726
5515 3166
8491 8228
2430 8014
5354 246
6494 3807
5101 4464
9951 592
799 8078
2098 8246
1536 465
7972 4199
1757 2362
3118 1738
7882 117
2359 94
397 4520
4169 2329
9676 1068
9001 4994
3816 2427
8208 210
4225 3164
4105 9943
5750 8125
5139 1177
1672 4991
1218 6658
9681 871
2727 5880
3731 3890
551 3518
4345 7513
3923 843
2059 8998
6389 7337
9581 2038
6328 6529
3490 2225
5478 7542
1176 8598
6973 9328
8831 1180
4133 4443
4298 6485
9786 3343
4799 1108
8369 3298
6855 6881
3230 5036
707 3243
8946 3546
8642 494
7386 5974
3721 4934
4538 5525
4199 2500
7082 4594
7033 1726
2108 7897
6598 1133
5512 3751
8898 7378
231 5330
4811 2521
2281 6836
5215 6898
3647 6876
145 3004
1324 9047
9846 6451
4748 3548
3146 2157
1336 6166
4691 8432
9256 2118
6059 3302
8800 4025
6448 8485
5630 1958
6020 889
7821 1003
9448 3236
5268 8729
6095 5799
9346 158
7669 7650
4555 9411
8279 8153
4533 4374
419 504
3189 5881
8056 4202
6092 4987
5747 6548
6635 4742
2439 3928
1855 7897
6722 2936
5292 8024
2333 3368
1054 8242
9815 2968
8047 2898
7100 6561
8881 6841
9362 7327
7420 9946
8600 4366
5570 4758
5460 9400
2350 1690
4831 2911
6156 2407
319 8551
1899 1825
4352 3991
8872 603
7208 2560
1234 5777
2968 13
8624 4023
5863 7388
4508 1521
8464 2588
7705 4291
8371 3977
50 2794
6612 9061
4627 3323
3079 7272
708 252
2764 9739
2575 4609
3395 1216
166 6264
7477 4932
3702 4743
6298 9352
908 4262
1065 3148
4484 136
9613 158
1136 4494
0 5699
5828 9503
1177 9237
3167 6033
3937 2636
3034 5996
118 2832
8648 9023
3596 462
7779 659
4089 9290
3670 3809
5418 2421
9836 1678
3811 4160
5241 2447
5704 6097
3212 2633
1333 915
5142 9416
5649 2339
9543 564
5446 4249
7424 5167
797 2309
7531 722
92 2379
1996 5018
2274 3968
9100 3902
2100 7910
4336 8755
4266 5622
6346 1699
7066 7260
6747 9865
1596 152
8969 4177
7883 6947
9975 3326
3219 7199
3818 5021
5060 2274
7126 6425
6867 6213
2759 1855
628 2441
2558 4739
6639 2362
7092 2355
2723 6792
5641 524
851 7778
3659 3835
3348 7045
7031 278
2026 116
7606 938
3393 664
8163 8550
270 299
7105 648
5639 8960
9726 6472
8692 8198
8935 4787
7673 974
9404 9289
6205 1338
4010 6602
6079 5303
9357 317
2283 7069
6843 6994
2912 3253
9756 8361
6498 8394
3027 2067
230 548
7 5400
1610 3266
3173 2010
988 3143
4977 2201
876 1815
7289 6838
1424 2659
2940 5885
1971 625
834 3469
7522 2080
2023 4811
3057 3692
2720 6887
3928 461
7333 6029
6214 7029
6535 5407
358 9579
5708 2818
6659 7378
7465 2808
3861 9150
7941 9708
5240 3305
6589 4547
6239 3826
1357 530
2444 5942
8701 4252
969 6594
6604 8238
8412 8904
1884 3660
4123 2897
6891 1150
8052 5523
3801 70
9343 7763
8416 9892
8322 9725
5996 4477
8904 5346
8193 136
4861 7619
8759 1674
5248 8716
6047 9426
8165 7635
7824 6584
6482 8657
7137 3651
4053 7537
6102 9785
1923 6120
778 4828
4313 9988
9028 337
5302 8137
3754 4691
6809 7752
6703 6729
1721 9538
6120 675
6512 7453
790 8523
5393 7060
8326 8763
7812 7428
6258 3178
1119 3717
6677 6588
1485 5223
8173 2041
5816 8334
6369 4477
1542 6400
6575 4289
4716 877
8917 5048
9564 6382
4167 7725
6776 178
3807 8604
7682 5766
5304 9839
5282 227
5348 3692
7130 349
6675 5099
7139 2250
2625 1756
2264 1873
592 3130
9865 7492
5934 2057
2101 3471
4617 4198
250 3026
5946 4512
3552 1372
5773 9426
5719 7194
3229 3876
456 5775
4475 5089
4882 5301
5455 6938
4232 739
4946 6556
3356 480
3275 4894
9090 6024
6944 1855
194 2493
1747 2574
7074 4097
9151 4426
7125 9105
9909 6860
1975 8469
2992 3186
8217 3078
8248 718
1259 8895
5588 9007
5593 9416
8828 7039
9884 5136
8219 1902
8444 7338
3139 7022
9708 7579
1742 2927
9268 6785
8814 6044
9068 3654
4878 6166
6594 1349
1576 4704
571 7725
4885 2219
7381 213
7418 116
1924 2928
952 8380
6865 2034
2067 9607
4429 946
9159 8616
7729 4001
7094 9580
2986 7578
7493 868
9965 2220
5297 2488
2841 9636
6900 6297
2370 6191
2663 4965
4005 2543
4759 3698
4737 7389
3555 8531
1400 2655
1416 2479
5942 9162
774 3764
366 7514
6577 6966
3422 736
2398 4110
699 5293
6752 8639
5014 845
1120 7179
6332 2614
8475 326
6449 7154
8057 2905
2505 6650
3147 1099
4847 2548
5426 5180
5166 1758
5928 2499
6734 3820
9783 1594
1154 4687
2194 7783
4809 6776
7753 6028
8210 1101
1097 6337
608 4185
8077 2129
2372 2362
7749 2196
8852 150
2019 8557
1518 9629
3882 2803
3790 8566
2836 7876
5372 3299
3285 6791
8293 9527
6294 7233
3554 1451
8004 7100
1649 7052
8905 6516
895 4087
46 2482
4437 1528
9200 6141
3138 4240
3787 1582
6296 3942
7891 3412
207 4865
4602 9865
3401 9283
2594 1267
2815 8136
9744 1886
8 656
3591 5592
3688 3307
740 2573
5612 1955
8777 1093
4736 1423
6240 5373
160 6325
5806 2338
7952 6912
6043 1267
2111 5331
2736 5048
3582 9422
3059 1726
4289 80
9199 870
4279 827
1271 8686
2186 5807
9777 1326
8595 9105
3540 8006
4223 2267
7755 2470
7914 760
5791 863
624 2672
7045 6410
7826 1826
395 1558
1151 5041
9661 4774
8644 2946
1668 8795
3237 7635
852 5663
1172 7934
9702 4450
801 4655
9924 1913
7086 5987
307 8580
3293 5410
2857 3471
3062 5663
453 3613
9392 5438
8339 4481
9704 2518
2789 4781
6953 9400
284 7679
407 2351
3290 9737
5759 2090
1944 9681
9423 3190
546 9946
3561 5056
5083 5265
4972 9498
1628 5723
6440 269
5365 9149
8871 655
9599 8589
7504 2165
8190 7400
8169 5052
9286 4500
2213 5043
4795 1240
8417 1228
7486 553
2043 531
3373 39
8939 2926
5036 5784
8409 1478
5610 3316
180 9494
6509 4993
7085 7171
7416 4065
1555 2524
1523 6665
5783 8627
2772 4036
688 2746
7008 7129
2225 8162
9191 5257
138 9329
2691 60
8983 7347
9371 4572
3221 2195
2041 1603
7776 3066
276 6130
7908 5048
6368 8066
3775 2593
8807 4735
2362 4187
6022 930
7899 6150
4082 7598
9440 7579
3175 7647
5725 4633
9202 1423
3684 7405
6963 1625
9553 5905
3746 2962
6915 8391
4310 2293
746 9638
3410 6447
8330 245
2612 4348
2267 102
9126 2960
1702 5878
5438 4937
257 6434
3364 8820
9742 5869
8254 1101
6461 8080
3256 4219
2607 2114
564 4076
800 1562
8425 1502
5162 1104
8541 9839
4833 267
227 918
3643 5143
5433 2226
2044 6022
9825 3698
781 1050
3171 6134
4739 465
5024 468
4250 4032
4175 974
1783 7572
777 8675
5564 6277
9195 7155
4800 9836
3673 8568
6531 88
738 1570
9288 8541
5340 4979
9330 205
8240 1195
5738 265
7964 1493
10 5754
5762 611
7473 7052
2888 1494
1316 3532
4874 2721
6596 8339
7529 1151
9837 1985
4477 6162
6499 2078
3203 9726
9033 1613
3406 3590
6894 4867
8933 6295
2280 7144
7241 6210
5617 8491
6513 1631
1006 8892
9006 4719
7725 5477
720 8657
6474 9290
1807 2024
7890 3825
676 5291
3220 1811
9841 686
7090 9061
6611 3088
5587 4625
9179 3829
839 3321
3742 8278
9628 2174
4137 9702
6834 8364
6438 4759
3378 8089
6567 5245
7009 1151
473 7170
8585 1127
789 8219
6926 6743
8712 9305
8093 110
1181 5123
3857 2078
4868 4307
9280 4217
219 7055
6621 5984
1383 649
4488 1657
3014 7514
2745 6064
6793 5611
9453 912
5702 6453
975 7522
1890 6058
2071 3766
926 1812
4114 5472
614 4574
6710 4118
7067 1760
6348 264
1423 5664
8513 2592
1361 6117
9738 5211
5402 78
3266 775
9169 9556
1482 110
6148 9212
4528 7858
4039 1216
1460 1626
4696 383
4252 7533
5118 8867
1410 2237
6742 1122
3869 1751
8495 8408
6359 2649
9687 947
5487 4115
7843 8992
6778 626
2747 5541
4197 4601
6466 3488
4136 7762
8388 9486
4700 69
479 6255
6779 343
9902 329
5247 8245
197 7338
2303 9841
3995 8883
8434 2589
5211 1825
1698 2598
1438 2111
5281 4
2923 1610
8964 4049
8493 8852
7940 2198
444 171
8697 3196
9910 267
4378 7746
7832 3155
2681 124
4814 9924
3120 1644
3119 7952
641 1428
7579 8592
6219 6635
3723 4167
5447 5294
5798 7431
9672 7113
4172 6929
5359 8519
3312 2674
8693 1416
2036 10
3206 4241
5490 4863
8364 7753
4645 99
5230 5458
8381 7714
2973 9781
4347 9807
1066 945
5866 624
2063 9030
8298 2904
865 6974
4699 4660
4754 6973
6455 9353
1869 345
4842 9245
992 5644
1105 3827
5113 2136
3848 3116
4673 8522
6213 2779
3717 2324
4459 7512
9243 3188
3427 5608
1096 8330
7540 9163
7970 7625
2813 5463
5547 3996
8398 3988
4715 1068
6674 3065
6200 6319
4259 7654
6136 8500
4185 161
3128 6460
6916 4693
1519 8620
1189 9849
7570 2530
9313 4494
5071 373
9021 8220
3657 2625
2361 7534
2387 3569
3728 9035
6398 3038
6297 3399
8884 8072
8742 1867
7335 6724
7521 2449
670 2614
7243 8803
816 4159
478 949
3571 3241
8461 7568
7710 1073
2897 4769
8404 948
5714 8563
3270 9198
3739 8873
2155 2161
2704 6175
7549 6658
4654 4739
6720 9017
8622 174
2845 7976
9587 808
3899 2508
1569 1819
354 4355
3735 9799
6978 4797
7607 1304
5915 9111
4733 7347
3789 1173
7254 5895
7012 7214
8205 3042
8255 1629
431 8338
2377 7846
3486 31
5468 8246
6490 2118
5099 3824
174 407
2721 2195
2459 5281
6851 1728
5611 237
4706 2076
1045 4970
3674 3985
6765 2520
7370 3579
8992 2199
6485 5041
1276 9330
7799 1553
3507 6903
6057 6543
1274 9129
3 9551
1821 3048
2922 6178
6999 9247
4713 95
612 7408
996 4435
9044 4780
2900 1787
8131 726
1904 1008
558 7561
2700 1778
4872 2983
496 1449
6906 2181
3525 3225
4419 8292
5968 7924
4969 1457
126 4246
9455 48
9134 8971
6504 6182
5264 356
104 6789
4396 1835
6808 1100
8380 2068
2055 5534
2234 9349
2495 531
8021 4440
7234 4765
5858 911
6728 7004
6599 9032
4142 8100
6071 9874
1199 1230
2016 1023
5590 558
5722 2715
1794 3
433 6589
7277 1493
9418 6764
9659 3291
4896 1604
3827 1819
9870 5419
8556 1398
4056 2749
8262 1299
8903 4063
9917 7484
1657 8243
1624 5031
4191 4552
9619 6311
8573 7765
8536 8930
7409 6550
5338 9861
8580 2454
5619 6102
785 1903
5705 7672
7752 7487
1713 7749
2949 8635
1997 5112
2287 1961
4314 1578
6246 121
5730 8510
22 1813
6857 1519
1788 4506
8460 7785
3093 2982
3578 8166
7859 2691
7489 9771
6685 819
6370 3922
6363 2558
5501 4570
2489 4217
124 6093
2476 6839
1443 1537
6356 437
3199 7459
5187 8305
686 9359
259 203
2832 323
357 5824
6388 6389
7963 4116
9754 819
1883 2207
729 9994
3529 2538
2158 5610
6842 9530
3109 5081
914 7436
4472 6085
5496 258
8321 3327
6381 2158
3628 6021
4166 2910
1826 2672
5973 9768
7377 574
3819 4134
1348 1969
7226 2708
958 9992
854 4889
977 9740
5255 3795
2886 6799
7077 2854
5492 4882
8938 679
8844 1540
7691 1268
5087 210
7663 3959
1193 2620
8591 3996
4560 5829
6618 4304
9589 9166
8529 5324
3925 8100
5266 9825
1599 4600
1914 3220
9022 3966
6128 316
3421 5993
321 7323
6039 2581
5883 5594
2455 1989
317 4857
3339 591
9943 694
1820 8662
7247 9580
7592 1960
7047 6863
6215 7320
7720 3125
5525 1436
2835 7720
2800 8554
3959 7674
8920 7040
8378 5673
2617 2082
4638 9956
441 1720
3143 3501
7104 6839
3681 6577
4607 9567
236 4500
543 2855
3880 1745
4721 133
8980 2257
7611 4001
3451 3562
2709 2826
2343 5147
9037 8057
6688 4406
7537 9430
3030 2606
5288 4889
251 9874
20 8387
8594 6121
4786 7469
7036 127
5366 4879
3233 7088
3392 5476
7598 867
2506 8397
8711 1529
6401 1748
4447 727
9113 7619
4031 1681
1063 2372
2865 7672
9416 7867
6198 598
8395 7490
9761 5032
2354 8644
588 3628
1086 653
1951 2876
2121 8656
2585 6122
787 6745
1194 6078
1503 9398
4899 8189
9574 608
9425 1114
2159 8367
6286 594
7727 2078
2211 6787
3424 4683
8552 2622
9279 5570
1072 286
3947 7723
1617 2951
3400 546
6941 5027
946 7094
2706 2314
8630 7589
7609 7681
5808 2231
7734 5333
5679 1529
1267 8665
5395 7163
4879 4765
3664 9101
9695 5664
1077 6166
1915 5368
6977 710
5167 9551
6950 2253
6954 3569
7336 8604
3734 7797
3957 6555
1530 3993
8941 7899
1960 1345
5009 2238
8462 7314
9283 5717
9208 1754
7764 6537
773 2212
6522 9325
6157 3498
5581 98
3556 9722
41 1771
9749 989
2680 6579
4312 7843
1468 4381
4151 4612
2116 9739
7196 8548
7903 2722
7080 3174
8328 5068
8836 6115
3075 5150
8647 891
1943 6141
1401 6796
7118 8043
4036 2497
3301 2295
5471 878
388 6997
7385 1194
2540 4250
6121 7772
7310 1947
8227 4714
8471 2744
263 7966
3447 4243
7582 7627
7494 8502
9499 4608
76 3973
6284 6666
6554 144
5380 3648
500 1836
9046 8458
5445 6803
8438 5314
322 4666
932 5806
4783 1459
645 2445
2248 5491
1087 9777
475 5589
3160 3997
5516 1711
7595 2480
7741 3012
8673 2193
9516 587
7346 5644
1725 2110
2741 6989
6903 1142
1762 7755
6570 630
6660 5255
7750 614
9408 2518
1982 6722
2811 4060
2950 707
9588 9098
2565 8540
7643 9114
4888 7768
5125 2169
5228 2403
9421 710
4338 5543
5591 2041
316 586
7742 357
7440 6932
2079 9505
8608 8741
5121 7684
1398 1543
6234 321
3163 5281
8372 2499
3029 3501
4524 2089
7704 8059
5072 1572
9600 6566
4980 4783
2657 869
9496 2735
2364 7365
9811 5195
1934 3862
239 6014
4431 9333
7775 4589
2347 6537
5626 4227
2538 737
2008 1331
2555 4204
991 9536
9760 4041
491 2277
3522 3008
3799 8395
9809 2130
1667 9756
7330 7358
3184 6754
365 7556
360 517
5038 2062
2445 7203
6898 9723
7535 8768
1913 5183
5148 1745
1134 5097
6162 7157
7300 7748
3839 9908
8987 9809
2880 7995
3953 2643
6000 327
2238 8060
2781 3057
2320 2518
4063 8122
8658 4613
745 5144
7660 1788
3593 208
1122 5230
2360 7765
3614 6744
8134 5328
662 1819
7943 6593
1153 2350
7189 950
8868 4452
7143 5642
2003 1627
7623 9169
4288 4086
8912 8610
1980 8492
1623 6884
3361 1
4025 4317
4193 6403
5156 968
2522 9641
994 2405
297 1096
857 2166
2214 4246
3064 8040
5022 1252
9238 3551
1508 7958
3865 1958
8714 53
4308 294
8391 568
9829 8902
3683 2351
7207 2467
3246 353
6402 9696
6045 5479
2918 4704
6409 2249
7237 194
7946 9705
6661 1037
9103 573
3457 2621
3107 6609
6719 7214
9035 925
8862 9319
8337 3891
1430 8186
9474 9405
5660 1833
9540 245
6527 1387
3355 1637
2548 6689
9067 2817
3781 9651
8350 4643
4921 975
8162 3047
9616 8211
4712 7894
7323 6937
9369 2311
7019 3044
1683 6771
4662 2361
3794 4889
4823 7760
4997 2883
2947 9516
372 102
6833 2904
4156 8480
3475 3731
2441 6238
2025 2110
4486 8365
7348 1604
6083 8115
3056 218
8158 797
5052 2232
579 8122
2712 5927
2039 7593
6756 2540
4504 7519
5416 3637
7909 460
7064 7778
2914 6736
7555 5990
282 361
6003 2271
8356 8255
7476 1139
5535 2658
4221 7037
3244 2338
7458 6247
9377 1904
7390 5337
3069 3012
944 2945
6943 4560
7108 179
4695 1540
6048 9028
7524 1969
2153 9763
8407 3363
3510 9336
993 6361
1323 4241
9139 7448
9523 2873
8670 320
4942 1050
8855 974
175 181
7042 7586
8424 7103
7969 9634
5520 7584
5637 1343
416 615
7947 4359
7046 2753
1707 1516
5251 4251
3112 1508
750 5444
5058 2946
3488 2999
5064 2243
7933 5720
144 3643
9207 2126
9227 6450
7015 7345
9393 5002
5224 3236
5300 307
2854 4197
8024 7794
8241 9348
6759 4558
1916 2929
1972 9948
2180 7449
2960 2412
1864 6499
5209 3508
9632 8999
8275 2172
2349 2255
6412 6762
9072 7906
4881 2256
2185 1965
804 467
7838 6451
7679 1390
1856 4247
1032 4327
1715 9768
9670 753
1415 2173
4877 6947
241 3347
9070 5128
1211 7283
7828 1575
3136 7848
3433 468
1970 2608
6981 7639
1217 2657
1792 2172
7599 415
7856 4684
6233 7195
795 5755
3549 1727
9851 402
2212 969
8858 1166
1307 1189
2796 4457
8114 2622
4578 1656
8100 6471
6868 3014
9334 9701
9967 128
3964 5168
2908 2450
9972 5451
3866 2352
4747 9633
8522 2071
2599 4001
541 7046
947 988
1299 488
7678 269
2976 1749
6938 7689
4817 360
4892 1192
7717 3858
1446 8803
4435 4656
5452 3824
5342 7466
5074 8618
3025 8524
8027 3061
2794 1512
3116 1953
5794 3117
9241 5165
7316 5889
7605 5887
912 6278
861 914
7369 2251
3820 7104
5362 5632
4294 4545
7291 4463
7499 739
5002 4696
1876 5099
8765 8061
8012 3147
4810 5854
1540 1861
2611 1206
3856 7249
8747 5734
3758 7290
2659 2337
1007 2414
924 841
3082 1718
8526 8697
7084 6307
5687 51
8288 11
5532 5563
1360 7427
3058 580
986 6782
178 2971
2728 3446
616 3761
2434 6153
5966 3134
8406 2566
6336 275
9438 2392
3588 6430
5317 8355
9082 5189
7292 6798
4575 412
6265 5905
68 3703
8598 6527
4398 3975
266 9942
1301 8224
4361 5206
477 8408
6021 9183
5524 7830
1031 2719
9370 1448
9709 2010
672 774
3881 4636
7913 5446
3911 7948
5023 2768
8073 2337
77 3460
5080 459
9240 2585
2286 2330
9770 2841
3157 7682
4845 1930
9422 3490
5951 8446
6814 657
4603 4766
6445 108
4849 2723
5878 9484
1 8149
4465 2860
5899 7113
8268 5274
7102 374
3354 2812
577 327
8866 8966
3478 2135
2089 8442
2769 1336
7738 400
7368 1797
9542 1670
4844 745
6678 1931
6600 288
7213 1383
195 2606
9867 2926
7164 717
7460 1045
6787 3980
9462 7732
974 9765
8728 414
751 1550
5559 9438
2762 1027
594 5188
6976 4466
3217 494
7452 5224
9211 3067
8311 1291
8239 7436
7371 1112
1711 1597
5173 6127
2087 9700
3616 2812
6390 5191
9378 5896
8164 8692
883 1680
6167 3931
8238 6357
1568 1408
4057 1828
8154 6015
5243 3736
6004 2159
6406 814
9291 3675
184 1079
2844 8845
6050 6564
8140 7661
8914 8702
5696 5641
7053 9652
7436 5814
8437 7033
6853 1927
4485 1806
415 204
2761 5261
1327 8701
1064 5750
7253 6663
413 4062
2269 5704
584 9141
9002 2887
2279 7976
7872 6022
5096 9831
9115 3387
7341 1864
1121 7563
7461 9693
8366 249
1571 2098
193 4159
2424 3610
4652 1819
3875 2283
1420 9068
9707 4264
4296 573
2105 3710
8316 6594
830 1010
7593 9378
2226 9897
8470 7621
4657 8393
9892 3711
4058 9695
6892 4956
7192 3217
9228 2268
3334 4934
9725 3218
3190 5715
4391 7832
9056 2344
3038 5142
2546 9275
7921 8388
6186 2164
6643 2429
2746 874
639 4485
3967 8252
2093 3004
3113 6227
7171 9621
8323 2119
6325 1761
9610 2880
4924 3648
9306 9535
6411 474
70 3548
3512 2425
3667 8913
3793 3338
3956 7400
7399 2180
253 1650
6223 4009
408 1592
8476 9052
1425 1462
8301 1026
8750 741
4018 4412
8347 7385
609 2421
9233 3883
1184 5368
2985 4073
157 9956
6580 4907
6366 9972
6337 215
9915 1928
9662 2168
8396 5913
5048 8731
3125 9436
7708 4348
9509 9461
2311 9983
7665 4607
6521 7634
8249 6810
376 6322
5256 2917
405 2091
4682 2284
2573 6261
289 1748
8013 9803
6934 2965
4996 7215
6480 5368
2916 4348
8432 1699
3415 5098
279 3377
9391 4984
5186 5446
2848 8021
1272 9410
8826 3248
314 4341
6041 1314
4869 2243
1210 5786
4006 7608
7148 3880
7005 3758
713 4220
5119 9741
3908 2480
1898 4403
8575 1716
1824 1845
8016 746
2807 2118
8515 3810
2863 9846
2209 584
3709 3213
4074 395
6641 4649
7165 4911
7991 565
4545 278
5957 4075
9121 1099
4000 1612
1061 3680
5582 5054
1236 8058
5954 1975
6119 6506
1319 1608
8136 1261
9739 2715
7868 583
5172 768
8092 8477
2756 7238
1871 8897
493 2598
5031 6370
105 9957
5034 627
4527 4922
978 4427
3055 2013
2713 4126
8195 7074
1453 9755
1085 7061
9586 7831
7889 5591
4421 888
9882 4552
5693 357
9780 7846
9430 2924
9231 2646
9352 1301
8429 2545
7324 1847
4746 5217
5314 7832
9507 6637
545 8921
7879 1890
8160 6449
1229 5076
7884 1514
9590 8772
1047 3930
6014 9762
1036 1843
107 9446
3779 5582
9407 9818
1232 3220
6622 1131
6117 4382
7285 9792
5682 831
2260 5563
3625 1887
6182 895
9293 7865
9558 4417
8572 8328
5793 2931
2509 3422
965 2845
5627 8950
505 7118
5308 6204
1053 4786
4349 7834
9863 3444
6912 4005
7685 5767
9663 4119
5748 6593
9831 6671
2200 8104
7975 1255
9885 9344
2526 9941
353 7428
1384 4181
2717 1156
1796 9365
3689 543
6015 610
7173 4673
8656 1715
610 143
2656 1491
3558 7585
6424 6643
3813 3633
4610 1551
3531 2866
5667 7360
6715 4963
5717 5187
3425 4357
7743 8793
7109 5481
5597 5200
5383 2430
9669 5377
4832 8427
1050 714
2779 2232
4565 2940
1839 4131
4412 8120
7556 7537
6309 855
3453 2081
2587 409
8125 8248
2780 1487
8563 6009
887 2459
6462 308
3777 6695
1912 3074
689 7491
9562 766
7803 9940
2822 3750
8272 1003
8119 4804
7977 354
7152 8135
5519 6653
5077 8998
3744 6431
4951 8486
8220 7771
5965 2074
6602 2749
2967 3100
3692 6968
8014 8058
482 1234
1977 2132
4164 1998
1854 7987
6150 6697
5063 732
2167 3560
8910 5718
6443 9057
4559 1369
8954 7656
2572 6137
328 3675
5131 3010
9664 6048
5208 1925
1803 4094
6295 5474
3546 1274
6690 5047
1671 9941
9730 9577
5443 6371
3398 3857
6966 6781
3375 8602
6606 1466
6211 5545
5728 4985
3589 3868
4934 2771
1457 3750
3144 544
6960 1003
7602 136
9250 6888
7920 9356
6725 4326
5643 388
6562 7343
8482 699
1911 2384
345 8617
9552 7985
9270 6944
6686 4993
3140 2473
1362 6166
8687 1824
88 8661
9501 1646
9125 749
1949 8967
4116 1194
5272 3749
6663 903
1394 3891
512 1476
2172 4125
4343 1321
9609 9030
911 3962
1264 1626
4095 5373
7210 7318
3271 488
9411 4470
8733 2351
3412 943
7846 7421
5044 2956
4124 514
4585 8653
7232 2893
1471 5838
7427 5290
8324 7172
188 4910
4320 8462
254 514
6470 3931
5279 1245
3740 1175
2425 982
933 2202
132 5736
3760 4579
9605 8487
5195 962
5176 4676
6652 7204
1037 9804
6408 3747
3572 230
258 5118
4385 9837
9862 7781
6140 9484
630 552
6965 6105
3249 6114
5541 8195
5270 8017
2991 1775
9307 8776
2193 5888
2977 1735
8091 3878
5386 5882
962 570
8068 6560
7628 7304
6420 5901
848 7548
8808 3603
2792 7360
1926 5261
3228 9574
6647 5502
1525 274
6089 6504
2190 6618
3383 5776
8815 2241
1852 1616
3304 369
3193 2285
8915 3208
4620 76
2586 3270
1126 7551
9601 6260
4444 1445
274 1207
1070 4866
9810 8519
6122 3307
2115 7978
8319 1269
2906 5956
451 975
2256 5092
4925 5694
4989 791
9785 1304
6058 8273
6946 6292
7836 8957
7269 2913
5090 5457
5739 9540
3749 150
6619 6487
7774 2103
4402 8527
7444 6264
3551 5966
743 3994
7455 7481
522 7933
21 4267
100 7974
4788 8250
471 1778
5888 9897
58 170
7805 254
8696 1752
7351 870
4024 9385
4233 2391
6818 1813
4439 2277
9732 9052
2831 3944
5107 1618
6711 2859
5620 3276
4658 217
2051 2924
6430 3540
7644 9754
1981 3336
7331 4549
3241 2190
7069 9545
2588 3299
9556 5890
394 2043
842 1569
3101 1441
9130 1773
1717 194
9914 8876
8632 1817
625 770
1125 2508
8367 6874
587 6248
1720 4404
5049 937
2192 2255
5594 61
9491 6424
5261 2154
5502 5570
4131 7470
2160 5734
6979 4135
5507 7726
6129 5506
4210 5565
5321 9144
4217 7986
6292 5447
7322 1822
6005 1278
9452 3746
4348 8780
7546 8750
4701 3177
8138 7174
7835 6822
5645 2710
6383 7921
2578 2105
373 3805
8290 4965
9781 5008
5998 2265
4464 4061
9538 7482
7070 2133
2924 1275
601 3928
5415 2845
4382 7664
8477 2454
2432 4352
8261 6549
9950 5082
7001 1477
845 368
5511 1265
8440 8109
9985 3752
3380 2514
6534 1169
1686 3334
1647 3122
5419 40
8070 6092
2642 4616
5775 4042
9318 8822
9483 8506
5921 2825
782 172
2257 3380
2102 9705
555 5669
4290 3670
4206 4063
5510 8379
7613 6696
6006 8590
791 22
4132 3284
2636 9479
4909 5593
5930 3519
4890 14
313 4806
452 2467
3009 2162
691 1862
4433 9665
1489 2572
6267 7562
9560 943
7985 3253
1575 5239
5871 1305
9733 8316
8141 6918
4369 1788
4316 99
2504 4376
6806 9433
1862 1973
886 3328
8468 6720
1133 217
71 6498
981 4701
1347 869
5981 3253
6293 4422
8565 2457
8669 797
7984 6349
6489 26
4375 282
2748 9537
7376 3258
5054 552
3980 1864
9155 8974
7180 4966
1772 8047
4760 9998
4883 7575
139 622
67 8515
2195 4878
8899 6671
436 8101
957 5340
5706 1388
3418 849
6324 3122
1752 2788
9003 2816
4346 4121
6750 2462
7823 8075
5900 807
9907 5114
2531 1273
9876 8149
5654 32
7992 7593
3595 1716
6881 7177
8923 3569
598 1071
648 4007
3577 898
9701 9602
308 8905
7428 3243
2606 8464
4526 79
5421 2185
1992 7566
2562 4981
4324 2216
2621 1556
7049 8724
1616 4314
1858 9810
4302 371
8168 8418
3158 1514
6664 165
2124 3637
7425 9827
8932 9347
1724 3597
5043 2121
3638 6613
9550 7227
2339 4092
6428 6727
841 7099
4940 3783
4621 8693
3031 8022
2647 2539
8309 595
4463 816
3225 1573
8060 8416
499 7423
6078 2747
3776 1205
1156 6439
4 5821
2932 8389
5849 1451
9976 4035
7400 9175
3876 8867
7384 3472
7948 6235
1695 5126
4660 9005
1351 610
1257 1656
4846 4874
3992 3440
7314 2051
3756 4282
6002 1030
6118 668
7765 407
4440 3171
9303 6802
5765 4581
4601 6344
3568 6888
9920 346
5394 1171
2242 516
7657 6949
8175 7676
4702 5492
3028 2987
9660 2136
4938 5836
3180 2087
7737 3988
6991 7363
2675 6769
6754 2913
3942 5367
2020 8332
9545 8056
8570 4890
6206 6770
6042 5374
249 2830
9177 6015
428 1446
1335 135
5844 9784
5923 6640
9314 4457
5111 1450
486 2972
4088 6545
5782 9444
7525 5309
9947 7
1035 3338
2472 8421
3316 7227
8639 8359
338 489
7380 9500
9757 8705
2291 673
765 1149
9410 8720
8619 3954
1084 7563
3803 8219
2658 9352
1001 85
6605 48
6468 9755
7707 7460
4926 4788
3506 545
7886 1690
8063 2164
1637 6413
4040 2864
155 8040
1350 8318
4277 2610
9175 6484
351 6281
1660 6043
6666 1371
554 4747
657 214
9990 3288
334 6785
6302 2225
1044 7994
8143 3559
8762 9346
671 668
9188 7032
9905 4973
1893 7138
6010 1170
2077 1906
8698 2340
27 8791
9716 9999
9772 6385
3970 7177
3557 5626
643 8961
1322 6146
4576 749
4008 1738
8294 494
899 8980
7778 7813
1736 938
8041 6843
9698 6333
3414 1244
6636 2256
2478 1652
2553 5
520 7806
9229 8471
1921 2873
5312 184
8986 9900
2508 5340
1598 1469
6555 4806
9723 2301
8338 2162
4571 2519
8331 1940
8189 394
6796 2592
6681 419
9383 1178
844 8495
9397 6160
2227 9873
4509 2517
1139 7359
2513 5584
3575 9282
5344 5493
4553 2382
2208 7107
1467 5472
9648 8398
5267 2071
1441 9838
7751 4196
8502 2841
4592 2741
5540 4285
5947 8591
9024 82
5887 1340
1850 7118
8544 7877
1186 393
4047 5568
6133 9587
8352 3995
368 8211
7945 5962
6417 482
7284 207
2628 5224
1497 8680
2608 2119
4898 4222
2726 6485
3202 3004
7917 3806
755 2221
9011 4458
788 5082
7464 9867
2203 4643
5081 5019
7089 3628
5843 8532
4993 3930
6236 6929
5137 3551
7861 8148
9106 2980
3976 7096
1373 2614
4418 1496
150 1075
5296 7168
580 8788
469 4660
9960 3293
367 4222
1329 9572
9390 6141
9571 4640
7532 2154
4792 7539
9928 7309
6426 9338
2590 5649
5800 7843
1780 4180
1266 8686
8341 6371
674 887
8267 2660
6837 5780
2983 7892
2018 171
2664 211
2447 4327
9295 2397
5802 8236
1838 6523
1840 8791
1090 1482
979 3770
2619 3371
5378 3095
2837 8283
5330 6827
9569 3477
6362 7262
4371 7094
822 3673
828 1327
9321 7080
8539 4753
1464 2337
2326 9156
3322 628
8678 3994
3771 2884
6838 7027
4789 3365
6405 3649
2040 5623
2971 4237
2833 1155
4829 9562
1669 4037
1338 2057
4728 2474
7958 7454
814 9482
7159 7794
6997 5160
3537 5417
2024 2312
2221 2325
939 2353
1681 1579
4224 6468
8490 8518
9325 9132
4918 329
1723 1560
5316 1418
6248 5573
8582 7724
6100 8416
9830 4236
7905 8188
892 3582
3930 1055
3274 122
5580 1170
9637 6786
4583 3194
2481 807
3154 6657
3194 4492
3335 9481
1842 408
45 3539
2443 9458
8135 8059
692 9497
9674 2071
4787 9155
7517 8289
1795 3256
6709 9185
5459 1279
4100 2575
3786 3111
4028 217
8446 5513
3435 2913
5609 3709
7245 6250
9097 3850
7773 4738
6582 5507
9032 194
3483 5631
1798 597
260 6553
3780 9558
4941 2664
8064 4958
8449 1120
7800 93
7652 2458
6082 7143
2395 5215
7123 7378
8889 2155
9327 6654
1311 1713
8081 1429
311 2106
1907 6435
8685 5748
3198 6472
9016 6919
6743 9165
2601 9737
8185 9284
7498 1685
5236 3796
5310 3576
3284 1620
9554 9534
1451 9414
1748 4011
6314 8439
3050 509
8166 4437
1880 1328
2352 5136
3562 7315
9872 357
290 5850
3524 7351
7214 7924
4362 2976
5389 5583
9008 1927
900 2905
3434 6035
6193 4745
4441 448
6746 62
2996 2336
3724 4695
1892 1781
80 2723
7235 3869
8283 7259
2220 7646
5238 3198
9117 3890
305 5548
9112 7813
1308 325
8144 4173
7867 2707
4917 9402
3374 3894
8794 815
9036 7536
3040 896
5847 7617
5437 2446
450 6516
6672 6240
264 666
5919 386
2787 8695
9459 7043
9163 2682
9776 8891
1325 1441
7502 1034
7880 2429
6154 5192
9764 9683
4717 761
9145 3764
7850 703
7438 5389
6318 5765
60 3554
332 6490
604 7767
9812 2875
1473 8161
384 7125
5294 8171
7936 2107
6231 6156
3645 5427
2270 184
1651 3447
7661 4068
8105 665
5751 6559
3854 9878
3257 5149
631 8095
4937 3654
2312 7893
4766 3312
2515 5988
212 6570
48 403
2597 9465
6073 3353
6680 2839
4041 3746
1168 1497
3891 4531
2692 224
4822 3259
84 7107
4669 1276
2181 1995
6192 2936
7018 3057
33 7232
3711 5060
4104 266
6056 8510
4427 3746
8315 7896
5193 5779
7043 9083
8523 6374
5969 7497
6052 6075
6344 3916
1094 3975
3473 7647
2125 4333
38 4074
5537 7248
2460 5746
9722 3225
4271 577
6188 6021
4091 6515
3833 9154
5694 8226
5212 2138
9644 1475
5715 7823
9799 128
4826 4312
5458 9144
5315 508
5089 6949
4498 2605
1929 2717
2989 5672
6137 3020
6962 1467
9724 7376
3586 4502
1477 390
2413 3478
8574 7236
2829 3486
2388 8663
7762 2280
8781 9775
8854 7068
430 6792
3046 8975
4824 3739
2169 6718
1100 8789
5536 8779
8736 5607
6558 6248
4360 5407
468 8387
2938 773
7393 9073
7417 9737
585 5279
5352 972
3165 1717
5825 2621
2206 2205
4999 1334
5659 2036
4929 3670
3897 6830
5896 17
3391 9839
6111 405
2907 568
8646 63
2378 4384
224 1935
5700 5348
8207 7224
9936 417
6749 5211
9395 5551
4395 8932
8245 17
6177 3510
2216 3595
2140 6932
3730 8980
42 881
7021 7294
3845 2297
3766 7474
5526 3903
9959 7472
8259 8393
3714 4613
5867 9242
3655 6910
2135 4719
2428 1150
530 5293
185 9995
5053 8057
191 1167
218 2393
8325 4316
2580 6650
6692 7424
1969 2659
3467 202
808 9096
4807 2316
1251 6690
476 6050
6846 558
7470 8642
511 531
3366 8822
2858 8153
972 9383
1528 3335
8455 6491
7641 444
4052 7105
1159 5281
2072 571
8886 398
8650 2555
3351 2363
2391 5682
4171 3065
6822 6726
606 1872
9583 4739
6145 7355
1026 5940
5000 465
234 6083
1475 8518
3493 7646
7488 8914
7808 1946
2147 5346
9991 2621
2530 2205
6716 7623
6101 9767
6365 3426
7328 6492
8017 891
4067 3318
7687 8640
9864 7841
9292 9995
5625 2160
2468 1198
3871 1839
8749 640
7885 7899
1334 824
4023 1152
8000 6632
5050 178
9653 557
4808 5471
8784 1221
9903 148
1256 6304
5235 653
8819 2539
8918 6338
523 3706
4455 9631
489 2069
877 9539
9116 2036
4134 6348
85 3806
3720 5793
8626 2656
9858 4417
4158 5386
9866 5628
9983 1551
5143 5855
2631 2668
2418 772
7153 6601
6204 3465
3840 7360
8191 5425
9252 1082
2145 1161
2596 8721
682 1788
7383 818
8709 74
8237 449
5721 2293
1746 2483
5926 7070
8857 9510
6836 4398
5712 7876
2533 119
93 1209
7875 7165
7887 2114
4125 2863
1696 4520
6201 9788
6463 9932
8045 3715
9242 9811
9615 6361
4380 3764
62 2450
2205 1296
7056 4296
943 3779
6665 3664
9417 4025
4862 8351
8703 307
7505 8791
1846 59
29 6167
9531 373
1510 514
832 9815
7096 6031
9705 1083
8183 8514
2724 6435
4478 602
9476 1581
1287 9308
6172 8088
2268 9022
9541 6326
9010 9111
9493 3299
3297 3750
7986 774
5401 7409
7781 1447
3000 5951
9871 5616
1180 9080
5322 7975
449 6061
1770 9579
4805 6787
8979 318
4544 1205
5396 7394
2086 6825
8689 2376
3830 9041
2767 1862
4689 8006
1633 5864
7568 9985
7437 2330
2307 9099
3785 9139
9796 6471
4965 4324
1917 9741
7655 577
7771 7833
7373 1760
5244 3299
519 65
7088 3297
5091 1550
6224 4907
5196 564
2602 8445
1260 9985
8965 819
7562 2255
7117 8545
3535 1697
7347 9106
3236 2300
3231 2131
5188 392
9797 9967
1928 3783
8133 1452
9802 2614
9720 7382
6896 3219
1988 3628
1506 5599
4241 2089
9385 9828
7410 5444
8611 297
337 5882
6807 165
8303 2699
4292 3585
8090 8324
7227 8354
2490 428
659 5013
4698 2001
9047 4444
2389 4276
3321 7209
8867 6355
4525 6234
2148 5078
2048 2517
4636 2205
1874 2420
9129 2889
1600 2659
1395 8233
2486 3241
4159 6359
3987 804
8612 2627
1674 1192
4180 8350
9361 1114
1818 7130
8054 1560
690 1809
1091 9005
1371 276
9005 4723
9528 8038
9578 4424
6992 2392
1440 5316
333 9063
5574 7530
2646 2564
9752 591
4729 7491
1833 168
1844 3526
7248 6695
1548 908
2652 6968
390 2357
2091 8439
4050 4392
9161 9477
6026 792
8811 8860
9980 7570
8533 6528
2139 1339
1436 1640
2207 857
3026 8251
6515 4720
5885 3775
5203 7934
9603 1870
3680 1849
3745 8507
5220 2953
7548 2212
8603 97
121 25
7449 2898
7387 4621
7870 2386
6274 9051
6013 8522
5117 1964
3323 1022
4281 1271
3292 2129
644 4664
1304 9449
4507 5572
667 1167
6804 9741
1638 5963
7122 2370
9289 5278
9137 5194
9746 9200
3458 3873
3277 2540
4367 4467
3988 7274
3468 5063
9657 3644
4494 8398
7356 8683
116 6621
3855 164
2662 8504
8498 5182
5495 4096
4549 8622
5155 9887
1522 8109
7364 7330
9171 1417
1027 2711
9954 3914
9699 1208
2838 5687
1878 8839
5753 8681
7898 4348
4103 8590
9339 3196
560 146
5157 6346
5467 6058
3104 1363
2329 3809
2799 2517
8583 2871
9938 1905
9388 2520
7058 4866
1289 6842
5066 2780
1413 6938
331 3321
6241 3239
1965 9537
5026 7775
5260 9369
9461 2698
4196 8847
6303 8293
7564 5475
2004 6608
3213 2744
7866 6427
2056 1372
9166 3213
1140 805
6629 2709
6277 9981
7479 8422
9214 1504
3353 6125
2126 8053
2323 7334
6087 1514
2322 9151
6813 1347
9316 475
2963 8021
5618 106
1294 6239
1958 1816
7676 7289
6987 1924
8348 944
6895 2131
3831 9633
6800 3317
5908 229
1106 3510
6055 5101
8342 6808
202 8222
2174 5376
8423 479
2801 863
9854 1314
4237 1651
8636 6560
1586 5038
1402 3001
53 4342
4420 7179
2696 3069
6075 2833
7825 5682
1148 1903
2251 57
3437 524
4350 7591
5114 2191
7728 6065
7507 1390
8393 3702
1496 7812
9602 5339
8737 9281
2773 5943
261 6727
2480 1934
1075 211
3905 5826
252 6937
3465 2216
8694 1156
8285 920
9565 7949
7275 8680
1080 5898
179 2633
4054 186
4381 7251
2951 3087
3859 5342
2843 9116
5917 9297
1419 9648
4955 4063
734 9010
5711 4975
9234 3822
1632 75
2788 4640
8592 4508
7672 6143
2218 2325
5754 2156
2469 2494
4181 7900
4487 1859
638 675
694 7372
1614 2003
1417 5263
7073 7955
8059 5620
6421 708
9643 4520
7892 9105
542 2181
1233 6373
8109 3104
9237 2146
9800 8388
1771 6304
8845 9566
9821 7060
7949 1209
6850 6609
3390 3515
3502 4628
5763 4273
7575 8635
7722 167
6879 1975
9424 8699
1296 9939
7923 52
5347 3444
6634 2317
6823 3826
9098 8983
762 9414
901 1455
3544 9141
8643 6588
7013 908
5745 8348
3736 766
2710 9376
5414 3211
1501 8358
5889 370
5879 1927
9190 2057
2898 33
6305 2330
1585 4310
859 9905
1200 4357
2852 5445
8005 4232
8345 9700
3072 6399
4897 5970
7389 6492
3394 9956
6984 1055
4244 8601
7353 6707
1920 2249
1676 7353
2902 2161
815 4500
3802 7262
3397 693
8182 8777
1962 5417
3470 4931
8147 4273
6693 4994
2075 9537
7792 1451
6866 6748
4796 4673
8610 1582
6105 7613
7974 8459
3151 7231
5740 2183
9180 2933
2290 5142
7487 1498
3232 5558
8263 1554
2408 6186
5276 8756
4084 8521
9888 2424
7014 9302
809 1569
1320 194
5324 4461
9743 2064
1386 4395
1708 4745
5652 7693
3444 9680
5006 4448
7111 6518
9172 9
569 9186
2161 4512
362 9898
1469 1394
8161 1574
2987 1378
4061 5398
2544 5664
9629 8017
9064 7918
8167 3248
4905 5039
4101 1883
855 9266
2926 4915
1387 5598
8894 385
8044 5232
9631 2110
8748 2369
5805 3090
8734 1900
8235 9266
2451 2351
7543 6228
1088 1168
6070 5206
714 5027
8127 9391
3514 6073
5237 8276
9547 8044
8732 9727
9926 8521
5939 43
238 5918
3867 7908
8521 38
8439 5854
6017 6673
7352 2211
3049 456
9085 113
2776 5968
9666 8212
6155 4092
4432 6113
7557 9161
6931 8292
8399 1093
2080 5035
6357 3633
9342 5683
1606 7336
3570 130
2053 4575
5807 4309
7834 1198
6937 6683
5891 9966
8822 7186
1237 9956
7646 9922
7955 6254
6638 1688
5827 9836
9624 7637
1778 5361
632 1670
9737 2747
5337 9046
1644 256
5015 929
4383 4523
39 7307
7689 7382
3063 5218
4120 4937
6644 2111
5697 3186
7944 3891
287 1814
3341 385
3877 1975
863 6727
1275 5399
7541 1538
4227 8941
1613 8849
2731 5127
7701 1897
5384 9600
5999 4042
1636 482
9290 9840
9819 6542
4029 1710
7931 3194
1013 9494
4841 8139
6704 6237
5076 6291
6655 7454
176 6878
3376 4908
3613 3417
2749 5741
4337 9027
6706 6531
7363 2679
6918 6717
6723 2233
3981 4783
3314 320
825 398
8277 4004
9668 6720
9420 1064
5904 1394
5491 1338
4865 8778
8273 1674
4322 4415
1367 1864
8524 86
4062 6722
6732 2799
9941 8892
3747 5584
2134 4177
7406 512
7604 6282
2616 4760
4107 5534
4649 7174
6130 618
3472 8499
2222 9585
5558 7175
2834 2566
8782 473
7833 3512
7091 124
1288 4479
5400 2183
9084 389
2374 932
8442 9942
2679 2541
2230 7388
8757 9523
2143 4037
6173 2175
5513 1479
1281 9725
5010 3846
5732 3526
5949 5828
813 4413
3526 2441
2334 2718
9551 4755
6590 7507
754 976
1652 7847
3006 4490
2355 687
9296 1940
4055 7974
1966 6323
7567 6985
1447 7744
9769 675
7587 8315
9183 6139
2883 7250
7788 8155
8773 2180
2156 9763
2866 6399
5373 2990
4170 6578
16 1059
2423 8462
4356 5200
2615 494
3644 8627
9934 9019
518 1722
4683 1336
6395 9452
9887 7171
435 600
2474 7743
1787 909
723 4252
7876 1418
7874 793
3917 1320
8975 460
4430 453
1591 544
8625 2467
3247 3455
6511 8226
2536 8817
8034 7722
2660 8724
6487 9452
6313 1165
6471 7209
2876 6367
8116 9411
862 1689
4873 293
1173 6886
812 5934
4554 4896
2130 3842
722 6165
6407 5651
8276 398
108 3531
8038 2220
5853 4174
2191 5109
7588 7536
1655 62
7306 6082
3624 8458
4983 1553
5657 6643
4653 6673
3590 3847
7273 1766
6106 4981
4126 9524
5675 360
3873 8681
3849 6228
5672 5368
8453 5808
824 8280
458 6452
7215 605
8375 4932
6518 7894
5439 7964
3660 535
9883 636
4153 4473
2247 1526
14 5439
7561 2087
8062 1419
4148 340
7231 3697
7257 2438
7640 2283
590 7671
9900 7758
4582 2350
3784 251
8305 4568
2919 3753
9219 376
2456 6641
9338 1217
8789 7355
1737 1906
7847 9209
2994 7939
2348 2657
9249 1582
2136 8831
8226 9648
8171 7915
1547 9360
7784 2616
6584 6735
6940 7085
5480 5586
5436 4936
4518 2190
9503 9296
1593 786
727 8730
1566 7897
1620 1344
7693 1697
3637 9198
905 1030
4168 4286
8332 9251
2613 9892
3707 235
5320 5197
7443 3427
4454 5236
5898 9139
235 886
9300 4334
7142 3112
1241 8415
1627 6150
3060 1414
3890 1103
7763 9794
2687 141
2823 9951
9153 665
8486 1858
9793 4512
2149 1235
6501 7103
8280 555
3328 7350
5724 2799
9360 234
7132 413
898 7372
8048 1238
2344 1481
6151 2171
4852 7122
9690 4027
1111 1038
4893 2188
9494 8125
1722 8217
399 2080
5286 3180
293 8438
3530 6605
2499 3352
72 8602
8015 7064
1146 9080
6632 6486
7732 2650
8095 4164
445 6992
8448 796
2176 5602
3836 8126
111 990
3134 8159
3792 2015
5017 7807
4631 8047
3254 1547
5327 1487
3536 1187
9982 7493
7560 3181
4952 9510
2715 8571
4975 693
2210 8937
1354 9196
8314 3274
3215 8041
102 2548
7791 3083
2934 3641
8343 6829
655 3737
5262 5827
3003 230
8260 9204
3268 1686
8780 2056
3770 479
4177 2691
4666 3678
5382 9393
6096 6857
4860 8035
4887 4439
7272 1737
9856 8029
8126 65
5997 4667
4183 6639
9717 5815
1942 8814
3545 4729
3501 7848
5576 87
4327 6881
3823 9683
7365 5338
8481 531
9450 9811
8296 3936
7962 512
2783 4817
4743 6736
1793 4457
6848 5499
5290 6863
6164 8331
9922 2558
5632 1005
4301 8734
9665 2872
9955 832
1028 2734
7603 6016
7020 5778
9693 8663
8108 4041
4011 1759
9374 6005
6207 748
5550 2238
8730 663
4586 4402
8962 7405
2308 8368
3504 2281
7131 6608
2525 2990
2182 8310
1314 632
5695 9591
8088 4388
920 5211
4034 1134
3188 1669
2446 2090
403 4944
3313 4566
3308 3852
971 6878
1346 6104
8006 2193
9618 6976
6532 5699
9471 9817
6821 7299
2106 5707
4727 1631
223 2399
7637 3589
1802 2171
2561 9021
4612 1035
3543 8755
2042 2608
1867 1642
9058 3102
9916 8302
3950 4737
8179 489
1185 496
3482 3465
7849 7062
7003 2897
8415 6077
1697 2606
770 3357
2742 4059
5583 5108
5894 1784
6783 9543
7739 503
3078 345
6109 7736
4231 826
4462 9798
386 146
3592 483
8547 2927
9197 1600
8996 3900
629 7264
483 5715
9804 638
5817 9398
8436 2268
7223 5400
8497 1486
6657 6002
7485 5992
5035 8052
3656 6356
9635 6825
7006 9767
6773 5519
9520 373
2671 5621
9236 3939
6457 7142
6077 6940
9933 550
4606 8887
6597 5564
8684 136
6974 7568
1885 8628
7079 6630
6244 1034
1994 2378
1953 30
9567 1693
1726 9369
8779 6479
7912 7374
3200 2942
5803 4831
3894 79
1279 8689
7957 2827
503 139
2479 6332
4186 6805
6208 1417
1052 2224
3764 6911
744 3889
7468 178
2411 1346
8221 2739
9454 5147
8534 7522
5653 926
9128 2215
1205 1554
556 156
8149 9937
1817 3534
2512 4516
8329 4677
6392 6461
4409 4320
2396 1254
1631 7109
8426 4890
5403 7224
7367 7666
4798 1003
9711 2753
3362 2214
5116 194
4389 2392
4328 8880
9278 5277
1896 8583
7280 8849
6687 7803
9285 3988
7259 2103
2058 8799
4945 3960
7585 2711
3885 8169
8025 9840
4609 9824
4098 1893
843 153
5345 9014
2204 6610
6729 4850
513 5896
497 2709
9466 1217
1343 1860
8097 315
4254 3432
8766 7267
1712 4072
3810 5497
2819 3434
2110 867
5585 5788
2804 2575
8924 6911
2131 8142
4588 7636
7503 7246
101 5210
1382 9191
5325 9368
803 1529
1622 3831
9165 9973
3402 1666
8713 5786
4416 5825
3080 6594
3330 530
5592 5900
7680 378
2975 8780
6701 1740
4910 2417
66 8248
1629 2357
9260 7271
4106 2523
5658 5764
8121 6453
3968 6878
5102 9076
4496 2924
1882 5861
1391 2704
4160 9705
3715 8352
1776 1972
3159 1826
8040 632
5779 55
5991 6099
9996 9049
3611 2904
6998 1337
3935 7531
6989 2115
5146 9936
4090 819
3566 2276
6578 5453
86 860
7718 4409
4992 8686
9073 813
849 7341
8988 6269
1716 5018
3946 1975
7845 2344
6312 8363
8925 6015
2868 810
3743 8532
2120 240
3600 1431
25 178
9869 7374
3750 9532
2537 802
550 2645
7362 7431
190 2709
7325 160
3130 7113
3835 3347
5955 997
9055 1161
537 2954
7939 634
7961 9320
8042 2599
4194 4839
8376 1784
1270 2113
2046 4952
3622 5059
4078 7550
3423 2597
8791 9022
8605 1014
2861 9553
3494 6333
7127 8673
9679 8492
2151 2072
2119 5302
7344 1498
4121 115
2031 2224
9213 5185
6588 1448
5335 1279
1365 5482
3521 2725
8243 8317
3940 4023
8856 6362
4853 6107
5124 9007
8312 6695
2437 7048
8463 3903
3602 8601
1480 3247
8876 7968
4520 6420
3326 7050
3201 1088
6964 6307
8473 3903
7263 6739
1269 7508
4600 5846
5134 3928
9759 763
4741 5092
7065 9824
3145 4414
4709 8061
3273 2498
8071 2815
2146 897
5423 6038
3452 9759
1682 3474
7320 7736
9575 9434
7121 6628
8725 1837
7721 6348
9798 2830
4070 2235
1877 7498
3564 9065
5427 3244
9801 1620
5698 6165
9223 8337
4438 3605
9779 9123
8998 3261
3829 8778
1947 5224
1095 2031
9178 6536
923 9022
3102 2238
8559 7699
7361 2765
6212 1960
2068 6736
2313 3695
8531 3017
663 5868
833 6925
1941 9269
8489 9245
4059 6221
4642 455
8919 8158
7061 4973
1226 7782
2771 772
677 2085
6396 1153
1405 148
2782 7568
6864 7289
5785 1205
4773 8025
1102 6855
9164 8541
3933 8907
5792 3897
5766 5150
2013 7705
4950 549
5676 334
7558 9433
1355 9784
5001 8254
2649 7013
2166 9523
599 1994
7467 1392
5399 8448
5551 9004
9897 1842
79 1485
1663 8581
3597 5780
6886 2695
34 1193
9435 7324
1128 131
2911 7909
5214 8028
2519 8882
2351 7299
8300 5659
3648 4306
7274 3722
9935 2658
7695 9564
4251 125
4624 617
127 8035
490 2337
5355 3199
3251 8504
4094 2300
4135 131
1352 4499
5503 3956
7205 4807
9945 8227
4392 9043
7491 7839
1162 9091
9009 8661
3893 5265
2591 6062
1141 9586
347 702
1963 8465
2301 1035
1030 6283
2228 6683
1254 59
2189 610
1435 711
9714 6828
8596 299
3998 1126
1010 6022
6415 1570
1143 2947
850 2844
7388 1785
3762 1815
540 6182
524 2252
4667 7175
5982 7749
2695 1628
510 1861
5876 7355
1554 7915
7095 7299
9673 9624
752 7619
3985 4526
4616 2041
6288 9066
5764 736
9000 1795
7934 3909
3729 1364
7147 986
2237 72
7514 30
1408 9829
5303 6299
9485 6202
1730 401
7694 8476
9478 33
4027 2015
1675 7021
9806 1937
2357 3455
9712 3947
2909 2040
8977 2219
3013 4011
1297 1421
8804 618
2305 5113
847 2783
2319 7425
7795 30
315 3003
4725 5866
3318 7853
3358 9654
1248 8840
3177 1710
4886 3671
7145 1030
6563 1608
7550 7922
9412 587
5671 9878
7271 1881
6179 2335
9721 1112
9023 9442
278 5933
5229 6933
7918 3041
7401 76
6152 1800
2034 950
3153 1854
9995 9703
7545 9892
1984 9143
5822 7387
3713 8827
309 15
3887 5860
2766 2278
6340 262
600 9097
5448 4266
6996 675
9895 1255
6146 3016
8233 8605
98 3177
6141 6947
8720 8678
6126 3314
4681 9892
8981 9618
509 8496
211 1780
1020 9731
2750 1408
6815 7272
917 5345
3420 2106
1634 1759
2345 3793
8745 8556
2527 3343
3428 7250
656 375
7596 2523
1759 7199
5 7233
8892 6487
8561 2200
5461 6072
3164 170
6805 7105
7811 9634
2954 9710
7016 220
7297 5611
1805 1132
3342 6313
6317 5164
210 8639
3640 842
1003 4963
9814 3954
7770 5017
633 8441
7848 9389
1183 3899
8504 9884
3676 278
6929 1353
6175 8102
8633 4589
9480 1411
3576 7070
3305 841
4684 693
3399 3255
6812 1561
8001 428
2516 5297
1132 3805
607 1561
8724 2778
4399 9843
4707 9635
2521 1456
2577 2469
8769 4256
8466 8155
9817 1623
5826 33
8560 1169
3548 2267
8354 7465
871 2902
3884 3173
9614 5278
5364 8261
5701 2593
8452 316
7806 2050
5258 5470
5016 5986
702 11
4512 9338
8803 2540
7435 8557
2175 412
1827 8524
8991 330
7283 4922
5631 1901
221 1826
4552 648
8599 4727
6397 2047
2685 8316
5323 9865
817 5843
6216 199
3186 9386
4595 7876
5737 7827
8797 5102
4677 2963
9886 9909
280 5631
3883 1074
7407 6099
1811 3675
56 7860
9266 421
669 8439
454 6601
1834 5905
3105 2267
8340 4705
3960 3943
8223 9324
6889 9326
9697 7433
2846 8673
8361 2541
4782 1532
232 2728
929 3317
1812 9040
198 6534
5221 8876
385 6967
6054 1797
2069 1072
3560 921
1000 6383
2327 2897
7448 4581
1718 228
2518 8423
4370 460
209 450
8927 8329
8469 3807
3677 8147
4222 2281
8873 2532
3461 4971
9099 7509
2817 4414
9834 7337
1959 3553
949 8456
1983 9771
4866 7166
1484 6446
5829 9796
7469 2413
2083 429
5989 5937
9901 7893
3559 5270
2793 9830
8909 1180
7334 9867
8802 3660
6617 5241
5105 376
8842 8747
2839 5671
400 2206
206 1055
5832 1021
6921 6644
4230 1310
5019 3218
701 1054
6153 7751
2614 2105
2791 7187
8812 1293
6184 5890
4085 5137
8908 26
8036 4881
1024 3233
7760 4059
2365 1586
2057 8511
113 2544
7206 6931
4920 1258
617 1542
6540 6609
3822 7143
9091 2839
7692 7045
2714 2826
4928 1209
1645 3935
3132 2497
5838 818
7635 655
4825 1166
3797 8402
6556 1385
4257 2468
6924 5619
8790 565
1374 3375
2930 7479
6541 6241
5179 2442
1733 5289
3932 9625
4451 2864
9080 1141
226 3122
128 833
5441 1179
1481 2431
2064 1846
147 7850
870 8418
1513 2164
5642 6983
1836 9329
9140 4824
2435 5636
3272 9818
187 3001
7756 3061
3122 7652
8151 552
1461 953
2871 4035
5277 3468
342 15
5922 1147
1188 34
2684 5977
8031 6545
6437 3661
3798 8741
4049 5915
7735 2050
5795 8705
340 9029
6653 1702
291 5389
3479 3823
161 5931
732 1683
1866 6622
414 5184
4648 7401
8764 7245
8231 7510
5065 2355
3127 4704
8634 7095
9748 5036
5664 5018
7922 9064
741 1331
9094 7320
9351 3163
9156 8558
5280 7306
7978 7032
7260 2001
6427 175
320 4041
4182 1038
635 6507
2082 7680
481 1360
8181 1998
8902 2202
9244 5256
9771 1875
5450 674
2910 213
8824 162
7658 1707
6585 4024
8390 7319
9074 7341
4019 1731
3067 4624
4275 4733
9522 894
2341 6494
8558 2496
8467 4202
6452 5179
1939 4270
3539 4419
9210 2661
1612 7247
8838 6316
7716 7779
1255 1608
1933 3371
1170 6821
382 4245
7877 1025
2033 6897
846 7577
5776 1804
2454 2483
7783 2969
1067 5052
8222 466
474 9108
5914 7342
9350 5399
8671 356
9308 9022
7840 992
8688 5878
6163 9444
3371 9663
2694 8194
7250 5289
894 7063
1801 9419
2869 8251
298 3589
1828 4295
1089 8440
8984 6231
820 6051
4644 1217
28 159
6227 5029
4510 1069
2925 9942
8177 3072
9970 9384
2417 5910
5840 60
7645 6604
1950 4440
7158 2081
3379 9867
6791 458
8465 9025
4793 967
3052 2
6068 3141
8079 7489
91 1860
7956 5634
717 8426
434 7788
2477 5785
7228 2752
7357 7613
7141 8745
5967 2793
9147 246
3997 4179
8386 789
5761 2909
15 8224
119 6998
2936 2477
4408 6082
8359 8289
7642 2119
8357 1750
268 2392
3979 6206
9740 2469
7965 1094
1640 9123
9534 3135
5174 601
2824 8682
5008 5772
725 2035
1705 9980
6419 6816
7311 7167
9405 7083
8967 4221
8885 8941
7581 2204
4162 4428
3372 414
2584 3510
5181 1769
2109 9183
4948 1638
9284 9817
9532 5212
4599 7762
1462 6782
9069 3891
9201 8611
8115 3063
1195 9558
3763 9753
9940 1134
8368 6066
5572 7135
7454 7970
838 4257
9536 8141
6116 9488
1512 633
2284 789
1433 3606
5528 9620
3240 5342
8809 3974
9124 7454
43 1096
1940 5603
4774 9621
8706 1641
7648 7536
2903 3009
934 8485
9220 9938
1212 1729
9475 5827
389 9359
4949 7942
2385 8854
4184 6600
5498 720
5189 8887
9018 2093
3759 4467
8859 936
7209 9081
1535 5737
3077 8188
1642 6411
5646 6374
4141 688
6819 8351
4663 3378
3618 8251
6030 9596
4357 8586
2232 8073
8451 7867
26 6716
4458 2576
6024 6721
9993 6489
2840 5074
9973 4091
1791 2829
8527 9424
5376 676
8590 4948
3381 903
8274 7725
6108 638
6982 8779
3951 6394
1785 2305
3408 1117
8266 1651
6714 8679
6339 1074
3295 2563
9622 9557
1781 8130
7814 2937
6283 9687
2674 3386
8934 7284
7539 5891
7219 2756
2946 2916
4143 3337
7252 7522
6451 7895
3124 5508
4390 1345
6545 2987
17 2740
7954 7218
8739 5538
9345 936
693 2160
8201 2459
4732 6242
6640 5221
3440 8710
5916 7756
747 463
7907 3477
7183 8868
3634 7914
4249 4857
6911 4253
3377 1053
731 731
1292 1109
2177 2086
5978 55
9174 9212
3033 4330
5377 61
647 9404
2005 1084
4974 8325
3347 2003
5206 2299
6784 1965
9359 2182
6549 1535
8961 9398
3363 9240
9727 6499
739 9690
3864 708
1127 4488
3703 3698
5217 4928
9839 495
265 1707
3993 1377
8936 644
7747 8436
9394 3478
6134 6352
9826 1674
7119 7192
7942 1216
8170 660
9486 1693
4043 1743
9998 149
6559 1028
3990 681
6477 9621
8609 9458
1396 6909
1017 3279
4076 3976
4768 365
3259 1535
7935 3382
8995 7529
4994 3388
2422 3680
9921 6214
7308 1696
9595 6315
9235 9670
4514 9421
7002 5335
9086 5193
2074 2271
1825 6733
6758 4829
4481 7721
8528 1964
9678 2778
9620 7187
5518 7972
5410 5711
8008 3246
1315 1088
1280 6899
6281 4738
4424 1287
4417 942
6354 791
3828 7649
1735 6933
9277 3356
2915 2739
6310 6397
3222 3391
4335 460
805 975
2719 9737
4573 2957
3986 6885
5056 4069
6616 9711
7995 429
7039 656
890 9157
589 8826
2285 2752
6399 3901
7246 867
6422 3035
8458 6156
6429 2558
7511 7733
7175 1574
7071 4618
4410 8040
940 3784
9939 901
1213 1799
9880 6215
4284 4218
1764 4418
5720 4934
4491 7257
9167 3039
7893 9070
9267 1114
8445 671
867 767
9331 5407
5824 446
1500 7186
661 3029
1291 2987
4189 6062
237 3034
6416 8159
8278 5873
6497 8862
4756 662
8674 6754
1115 5599
3687 8480
8046 8441
246 1925
1897 9946
6883 7296
1029 1705
9607 7043
698 2411
7626 5754
4794 2977
5796 9723
948 3007
9187 96
8833 574
7315 530
6627 1012
532 5879
9075 4259
6217 1310
3944 5041
6142 1129
8362 7127
2645 2091
9375 2284
2123 8050
6947 2659
2507 3143
6334 164
4179 6069
7714 8199
5937 3912
6299 9303
3294 8343
5873 4661
9987 2819
6538 602
4422 6384
9030 9266
7268 5460
5184 246
970 303
7103 9610
5456 9211
7706 56
2999 4389
8101 2891
4111 1931
8496 4526
5061 7239
6514 3703
1377 8603
3076 4911
827 1070
1931 2084
3121 999
6919 9537
7698 1737
402 3341
4580 1438
7163 3763
7976 7303
7028 1521
6375 3412
3511 1875
1619 2415
1253 6353
856 1839
9470 774
1107 6139
8584 7060
6338 2508
5301 8998
9026 1750
882 2580
8772 9897
1368 4125
5584 6164
678 1872
4511 3738
8520 3837
7099 57
4672 5099
369 6726
9287 9369
1689 7182
495 6585
983 8650
3585 7531
336 1617
3179 5271
3665 5683
9386 7886
6744 803
7296 3714
6561 1014
4742 8499
1164 9290
9680 573
6321 8489
1848 7471
4311 4431
6104 7805
8907 5273
1755 9641
1428 7248
7447 5806
5777 917
8879 9086
8916 4621
9322 8798
3651 9903
760 4015
6115 1117
3350 8159
5404 6144
371 1920
4539 5528
6917 1543
6529 322
4804 2665
498 268
6442 5025
2661 8742
5603 134
4550 6730
6698 2556
8786 558
2581 6904
7819 8408
1666 2457
4258 6962
7459 5156
4641 2750
9004 5071
9401 4461
6315 2305
9848 3100
5356 8521
6739 7791
346 732
8947 8113
4936 6868
217 2459
3626 3750
7702 2515
7138 1747
8548 6472
1179 2451
9652 5788
6189 3181
151 2146
9713 6026
4113 9416
575 2796
8783 6023
2686 1722
6080 1626
9215 8366
6237 7805
984 6737
5943 5591
5869 9062
9782 6761
4032 9141
5165 8968
1062 1577
5573 1623
9255 5197
5733 9226
2543 9107
1076 6887
6763 8470
1870 3071
4212 130
8818 2589
3044 881
7871 8268
4112 8344
3484 8174
1277 8930
1262 4026
1456 7947
5663 9399
1012 1249
5656 9944
5554 2391
4242 4855
6781 4714
985 117
3896 8920
2529 3826
4598 1262
49 281
6829 8290
3117 9310
1539 5586
4273 4571
6691 3660
7711 232
2630 5677
2777 6394
4516 9566
216 8190
9731 2557
6695 7847
1903 6249
3168 2325
8604 1328
4761 8774
4812 1277
5093 5330
5265 1245
5420 7155
6789 4834
3331 8211
9630 1115
9298 809
561 4002
8402 3413
6465 5862
8549 5978
3929 75
7591 7149
5387 7360
8224 8301
6 1664
4048 6882
7426 2571
9379 7433
2500 1270
2316 7375
1152 258
1650 4524
5640 8281
2563 835
6959 2399
9445 4409
7719 2039
5168 5619
9489 5700
3769 5283
459 3026
6645 1173
3808 133
1517 1238
7229 1985
3386 1092
8117 330
73 7357
5253 4205
3649 6257
6696 9999
9263 2138
8286 1302
3889 1614
668 8293
9818 9091
5213 2621
9899 899
350 9025
4127 6273
114 7977
8792 988
9604 7995
1339 9921
5318 21
2482 4807
2677 6558
300 5573
7261 7934
6307 1735
200 2684
7471 5427
9655 9688
7497 9782
7244 5481
5154 3187
4333 3928
1116 9709
4581 1677
2065 1314
942 3193
7597 7100
3921 5572
1946 4067
3443 1225
7166 7446
5927 3711
776 8475
5047 2683
8086 867
2314 259
6874 4499
9095 6500
4529 927
2331 8168
1577 9736
2463 401
4708 2008
2705 6137
650 6076
8430 5213
7194 4626
6278 7352
507 3220
6266 3741
1295 4389
52 8025
4634 4602
7726 8807
5442 3803
6144 1556
7910 795
6583 4772
6209 7732
3196 181
2961 7463
6766 4852
8665 1252
5608 4110
9101 5894
684 9752
4875 5442
1015 5201
6939 8063
6446 408
2808 2360
3971 2601
302 273
5950 1420
6613 5192
5940 2464
4778 1501
3920 4309
6036 6323
2302 8392
9015 6296
2501 1283
4413 1842
9597 4885
8930 9628
5130 8383
2667 5039
7994 8287
3804 293
8087 9136
8949 9099
1124 5043
8825 3334
5890 2504
7650 1560
4646 1904
6700 9939
3782 8119
146 2430
5319 1932
1409 374
5003 5187
786 2376
1509 2270
7483 5917
9932 1465
4697 7958
133 6644
7852 1048
4460 2037
7553 5243
4957 6413
4958 8670
13 2026
110 2606
5453 9566
3642 1559
4216 3566
5295 394
7185 8271
1810 9618
8722 2861
7349 5760
2859 7756
447 9070
4214 1956
1849 6675
9638 2055
6454 7282
4678 8453
6969 489
5953 3843
9859 7383
4956 4407
9189 1678
7414 7304
8198 5739
201 2533
2889 3058
6609 7236
361 302
9078 6061
4306 6184
8102 7334
8065 2438
8869 4832
8394 759
3646 6419
6849 5613
1079 6118
5350 4299
8564 4291
285 3264
3954 3369
9566 8660
5945 6770
9415 1217
3336 9064
4243 2355
8441 2514
9529 3747
9844 2275
1499 9122
6040 1782
87 9730
8971 8019
8252 122
6923 8678
44 4123
5752 3010
5731 2397
7115 880
8172 1230
4685 429
8956 332
6170 6227
5577 7153
2707 9415
5602 2304
8094 1716
2487 5086
2427 4183
6385 9267
3989 8283
6252 2114
544 6
1587 2357
6565 9684
4354 1630
4661 6068
4209 7978
1426 8241
5780 1543
3211 3026
256 2521
9808 1909
7777 1672
1293 2360
9515 2877
4238 3752
420 141
705 7663
8545 3189
5293 3368
6488 9416
517 5573
9944 9718
2743 7316
3409 7678
9181 1870
9768 8550
4307 2577
5391 6888
6380 2287
3110 8656
9873 5799
3210 9589
5305 195
2467 5029
1549 7715
8911 2389
2689 6056
465 999
7378 8884
4962 6493
9623 9457
4625 7422
9146 2304
8555 5544
1829 7380
8645 9798
1604 735
6371 945
2393 9340
2007 4572
6832 1341
5760 4060
3092 8310
8250 5526
767 5674
4820 8029
8184 7445
5571 2730
396 9739
4859 7085
2635 5808
5407 516
9640 472
9353 9339
9570 512
1190 6771
4632 5694
2944 5350
7017 6805
277 795
7790 476
3054 5269
9966 2241
5833 786
5870 9128
8944 5602
3965 9417
9840 6053
2297 9754
8058 72
1399 5577
5351 2066
653 7821
1973 6283
8387 3535
7044 2557
7757 7220
4479 3070
9029 9469
6425 1693
685 321
5729 5356
5681 2041
7700 8206
1611 3389
703 322
5514 8382
1768 224
4393 4836
7279 7058
9751 1402
860 356
2241 9896
3455 6464
5398 5664
4976 9348
1359 460
2342 9718
5055 1190
1653 4266
874 1785
5774 4673
8577 1991
6831 2037
7552 2219
4246 2515
7218 8064
7925 9226
5812 2562
6610 9586
4863 7652
3601 5902
5683 7827
5874 4998
4764 6362
4939 9775
5449 950
9414 7885
1101 3148
913 8250
5789 2744
162 4904
2545 4856
1543 756
5552 7640
1832 9516
3919 400
1990 4532
135 5228
9833 2148
8209 6268
1998 9605
8805 4188
6435 1052
728 581
2874 1703
295 7556
6503 1110
3948 2329
8299 333
8213 388
6228 2440
3738 860
5021 2206
460 6609
2429 1225
6060 3300
7150 1349
8202 3171
4146 3753
4474 2234
3278 6259
5586 631
7837 2664
5845 253
8306 523
531 6125
1431 251
2346 7968
5959 1379
3248 8745
5133 5229
8672 4601
6795 9159
4388 5172
9148 1898
710 9731
8666 5735
213 6009
8408 1268
8050 379
2896 1526
3569 5771
6772 8416
2738 1573
3276 1067
2037 2940
8586 1799
7574 997
8228 5442
1454 7525
4558 6040
7309 9448
5078 8810
736 3331
7258 498
7186 2603
3685 6263
2324 3078
5787 5341
4954 6273
8951 8543
3466 7170
3906 3216
9847 5295
2162 6399
8374 7631
7220 2442
6393 1441
5390 4117
8676 5067
7724 8571
5032 9877
8320 3142
1222 7397
3671 9610
5758 3117
7055 2103
3279 3939
7434 9167
7113 3983
4613 949
9048 1259
679 6472
9052 7751
2665 6848
9320 2059
8877 6647
8284 529
2201 5434
1677 914
2084 6144
7382 2369
3204 8298
8716 1351
2641 3981
1865 5533
6909 2877
3349 7007
8500 908
9173 4096
4679 3218
9406 9673
1582 7757
5178 7639
8571 3595
1938 5877
392 2807
697 742
240 241
5030 342
2382 9394
8850 7634
4490 3151
7224 6309
8246 396
3005 949
492 7699
5451 1647
3255 6806
8801 735
2001 7411
8823 132
2028 9334
5875 1394
5596 2068
7149 7448
7547 1781
529 4420
7059 2066
4692 3428
9335 5296
1625 2463
123 5789
2964 84
1112 8873
2582 1330
3337 2151
9059 7128
9843 2869
7453 5007
7801 7865
312 9269
7677 2158
164 6476
8948 5406
2980 8227
2132 2305
4363 2004
3129 9541
172 8847
2894 9215
3449 7382
1995 2418
4840 377
1078 734
4064 3171
8234 9355
4676 773
7178 8950
2626 9138
5149 5516
8999 7868
6062 8294
7580 9390
5334 966
411 2938
7501 9423
6707 532
8707 5530
9020 6223
7286 6582
5980 3928
5810 2672
6066 4225
4870 757
5662 1423
3941 2996
5710 3414
6491 4777
4563 1956
7242 4165
3004 2956
425 1266
9473 4405
393 9831
6669 2147
2849 9784
5788 69
3772 1585
2618 255
7312 2514
5092 8793
4178 9469
1381 7689
6027 671
2254 2414
7577 1501
8738 6797
5993 9456
3469 7375
1861 226
4129 7387
8655 1578
9439 833
9994 4277
7037 2329
7098 2102
893 1466
7979 7584
9510 7421
4087 9538
3904 995
243 8052
9585 7957
4943 2272
5821 5964
3018 2643
2092 5089
2183 5076
7670 1910
9927 1029
2927 1205
5326 4809
6625 3337
5529 8245
2277 3866
5207 2346
1978 4381
3527 994
6642 5532
6870 3707
3252 1443
9981 2961
6869 5691
6496 6335
2381 5435
7688 376
9997 4317
4637 7793
9 7517
9923 6147
4834 9416
2223 7471
2760 8467
3870 224
1073 1450
2010 6856
4714 1531
1487 1925
8864 2467
2409 3283
4703 1064
6593 9111
6165 8087
6557 2857
5306 9104
4517 9778
4763 3759
3260 2391
7768 2829
5684 4966
1699 4935
2511 4992
182 398
8142 2998
6670 7056
9437 1255
8383 9365
4081 7817
7397 77
980 1975
1639 4105
3913 347
7500 4952
1130 4765
255 1795
6225 7163
6544 1884
370 8794
7413 4195
1750 6205
339 1162
8401 228
2282 7354
7625 5335
4579 7910
879 1764
6090 3280
3035 1158
8887 1113
6835 2423
1690 3373
2648 2552
2638 4415
8677 8047
2730 8290
4623 4289
3523 2088
8637 353
5799 6799
271 7065
8344 346
4453 711
2006 6604
2289 2698
9355 427
8334 2302
5175 4787
3187 7893
9766 4089
2637 5479
8282 1731
1345 6555
1309 7204
5941 8119
2494 5917
2627 3894
9168 7905
1068 3017
7759 4967
4373 320
4947 7751
769 1513
673 8014
6952 968
7842 6995
794 8457
9449 8318
1332 6099
4723 9477
6473 8494
5623 2138
5935 7735
8413 2243
1098 6449
8051 9544
5197 2095
7639 4163
6343 9040
9226 404
8028 3356
8700 4819
1648 3453
31 9995
623 1504
7520 4707
6226 2781
2410 3807
1021 4291
472 7848
5613 4488
432 6888
1714 9888
9299 7417
9265 4045
5647 2366
6091 2119
4604 2083
6920 2652
5299 8994
6827 2379
9105 4294
6086 2460
6025 9557
8847 291
712 9272
11 9717
8554 1069
427 1051
8538 2559
3716 3094
3952 5221
7960 882
3860 6137
7766 110
1187 1227
4448 2123
793 9702
8835 884
6158 8930
1927 7950
9484 9435
2814 7665
4968 9840
6994 5031
3900 7471
2306 1859
7190 3967
6601 8756
7442 9935
6220 1754
443 6286
2678 2393
4330 5228
3774 4349
1002 688
4686 8813
1935 8553
3594 2964
5273 2937
5549 8460
3329 8400
5614 3421
5560 3894
664 1413
3090 9260
3598 6457
5444 8516
3605 1404
9703 6302
2141 1022
8514 2805
7831 7144
8229 5210
5557 421
4149 6545
6125 67
3699 1657
9119 6571
4749 8432
3238 7247
3234 2728
8055 2195
1442 8707
3765 93
1845 2885
3267 3712
5004 2475
220 6534
5160 823
3085 9485
7988 6062
7298 6836
380 3620
6479 903
5924 5767
9007 3976
1042 1786
2466 2655
383 6868
3853 8724
6176 538
2877 2634
6382 6104
567 527
6431 9638
8640 7011
2881 6105
8196 1238
9971 1800
3264 4486
7114 7762
8215 344
8373 3484
5275 5093
4051 2224
6854 280
6568 3187
2402 5413
3019 6550
4109 7533
2716 8737
1615 1728
7997 4971
418 2306
1558 3773
4351 4498
9281 1033
4797 5048
9221 4933
9822 2478
2520 4910
6536 1537
5222 2058
8993 1545
2988 3116
294 3141
8553 5262
6899 9771
9755 2939
398 96
9535 4411
8230 5523
6945 340
9671 1648
7860 8845
6986 6882
36 5349
4187 8600
466 1205
51 701
8668 9858
9505 5042
5068 7495
8128 221
8740 2272
9472 2919
6191 2490
6373 2321
1719 730
7915 9191
3710 765
8519 3320
4593 2111
9135 1989
5865 8590
3901 7193
4200 1744
4068 3642
2117 1010
6460 5726
3332 8916
2099 111
7490 4082
5757 5987
9158 8165
9512 2213
1135 4603
1049 5913
7572 1283
1059 9855
1129 1163
4639 9975
9456 1262
7982 5909
2670 9753
1490 4645
7830 8030
2901 2033
2128 860
3174 561
6607 588
9065 1812
3999 6032
1051 1724
2150 7096
3464 303
4323 2550
8896 2636
2542 9044
4374 4300
1905 2195
2690 9979
109 1222
7699 2837
1215 4558
7350 260
3007 9624
1680 105
7204 7396
8890 4154
6510 1304
3438 7997
6168 8134
7731 1715
9861 474
7181 7831
8118 3480
4626 3831
3431 4852
935 4930
8883 2513
9683 2868
1328 1647
1531 239
5830 5568
3149 2315
5464 2106
4973 3088
8053 4435
4854 2850
6037 152
3658 3773
3413 512
8755 4017
5283 8960
9477 1745
3081 7662
288 4648
1137 6714
7653 3612
1967 3018
5126 4422
4519 8614
3020 2288
5183 805
7740 1857
704 6359
2567 422
2981 1330
4551 7459
3126 34
7068 7737
2821 5771
1265 8200
3250 6865
1310 5416
6450 7820
5127 8867
8422 228
7509 566
8257 3892
7959 889
6856 9357
8817 9868
2415 8505
6650 5715
6801 9314
4694 1155
3023 9906
3021 9070
1009 7821
2818 1868
1945 8108
3741 8684
5756 7260
8270 3914
6272 1480
4317 3346
1961 8627
3973 6916
4411 1274
2539 6057
7608 1720
8421 8503
622 7033
6970 1904
2403 52
8049 1904
4442 388
171 1542
3698 9239
3520 2115
8957 4185
3183 8963
9504 7330
6858 5705
581 7870
1618 9326
4724 8620
3352 4540
930 5882
4501 7062
7651 4944
3962 2091
921 8458
5136 2524
2335 4907
4163 7674
8848 7151
4979 2116
8032 3376
78 8625
566 429
763 2074
5598 8902
8752 586
8244 1852
7366 8473
9514 1399
2891 646
1230 1720
6679 4116
2651 2225
6063 5191
3847 2195
9736 127
6775 8359
1608 6324
4674 1151
4425 9956
7167 9599
4718 3450
6439 9335
5910 5777
9326 6467
1954 3416
2375 709
5575 678
4991 8370
1403 4752
5409 123
2711 6649
922 3086
3098 8779
3886 5069
9745 8805
8150 2493
8096 6500
3834 6626
737 485
4240 4714
4856 6202
9646 4953
9813 3979
6689 4196
5249 1936
4769 8416
836 3821
3914 348
6254 3150
1109 45
8952 9092
6972 8586
9132 1359
3547 4855
7451 1517
192 4390
7696 8595
8901 7884
6721 3194
8203 2545
4711 4413
4971 1851
245 7345
572 3851
9718 1460
2722 9544
9753 5930
9969 9788
4042 676
2483 2445
1495 2434
8258 2958
4012 6748
7523 2998
9842 4909
709 8239
1494 2576
4016 5266
3010 5869
7858 4818
2315 1222
8035 9863
1537 4606
5909 2765
4066 2587
6730 3420
5169 4204
9162 7098
5534 6765
2298 2159
5931 7577
9919 9784
7798 608
5011 4639
4521 5450
3636 8153
4248 2667
5692 7361
1247 9513
3281 627
9336 90
9428 173
1411 9667
136 2706
4267 6845
8335 8991
2470 4296
3718 2130
6094 3718
3162 6008
4894 1248
7733 5208
9513 3660
6516 9533
4394 7987
8019 1240
9218 604
8761 5158
9034 4606
2461 6590
7359 676
4548 1022
1349 3874
2224 2215
3432 8137
1058 2711
700 8598
4077 9319
3338 6481
4903 5637
4001 9235
780 7843
9222 3639
9989 896
2860 3909
484 8614
1974 204
3846 8612
2450 8687
549 6190
9310 8354
2752 4755
8370 7477
6222 270
9348 8273
8507 1600
7050 9873
3679 1196
2052 6964
3584 8275
9539 5409
4659 1250
2699 3930
5707 2186
7993 4054
1380 6655
9141 2648
1692 1140
7900 8036
802 2597
8431 3364
8719 7878
1679 1158
2864 1275
2532 6602
4297 1016
3966 3274
4757 7258
880 1385
2011 2230
7136 2703
1283 8194
2249 324
4572 4770
5100 2300
4144 6212
3874 947
6872 526
5269 8986
5546 1736
1601 5138
4633 133
951 7383
5135 3078
6727 4815
1202 370
3476 9235
6023 6303
8597 1710
5103 8613
4970 6933
12 1315
4219 166
8989 8434
1300 9429
9627 987
1979 7875
3317 3315
945 6721
6890 1599
553 5796
619 8292
8435 2890
2939 1230
5579 5389
6453 8469
2913 6006
4470 9019
5388 9492
1830 8857
8618 3197
7319 5580
9925 9446
310 7243
1930 447
5562 459
2826 4161
2593 7750
5655 3083
6548 9671
4321 969
7656 2970
5225 999
6591 7954
4359 118
2556 3580
2802 5645
5059 9587
7758 7202
5454 9732
3700 2362
9216 8211
1526 3534
1474 1630
5329 3871
3474 306
4816 7388
869 3580
8602 801
4776 2130
9419 9795
9203 5521
3958 6763
3691 3528
527 592
6803 8661
5474 905
4203 5392
6072 258
2744 118
6930 6717
9025 2728
1472 764
5070 131
2325 6172
90 8609
1822 4532
1741 7665
6726 3952
6671 4371
5884 6248
7878 280
6132 1925
6268 1752
9041 6
5713 6229
7290 4958
69 8511
6553 9313
2828 2519
5902 2511
5110 9833
9045 6897
7240 5828
3245 2019
9787 8301
5086 2897
8830 900
8155 8678
374 3493
6441 9473
636 1347
1397 9337
683 3984
8018 3972
8363 705
4264 8163
106 5760
1252 9409
3610 1427
7474 3180
7518 716
7869 4756
1529 2433
2421 3523
9482 1566
6668 5308
9650 9687
9537 8007
8501 3620
997 7772
142 5783
1860 575
5971 32
4889 6685
4901 1476
5531 8757
6035 6234
9089 9832
5605 1319
8690 1764
5895 2299
6790 1790
7528 9995
8796 6528
5254 6641
7576 930
4596 3378
6433 7372
9332 5504
2245 8828
173 7520
9465 243
4635 5917
5161 4390
1227 670
4665 3347
3815 5075
1694 7616
8704 7686
8346 2331
8002 8721
3892 2990
8397 251
3573 818
7822 4248
9387 6967
2931 5008
2899 6545
494 7279
5039 5717
327 894
3650 5621
8882 7424
2498 3578
7516 2704
5239 257
8631 1978
9225 7287
4468 3225
2332 7816
1093 320
6230 6021
8870 6683
9123 1205
6067 2582
7841 4894
7408 2463
1331 5045
5544 8857
1340 1491
928 593
1459 2553
4880 6054
1574 7110
4450 1955
3850 2679
1816 5920
4930 6399
9305 8120
1412 2407
8485 540
9104 1257
8576 1449
2751 1017
6456 8102
5201 3124
8478 2498
2644 6108
3306 5964
8557 7842
525 1699
3868 7126
796 3536
3534 2300
3142 3265
8512 5744
4819 776
3580 7933
1901 5060
956 4809
9376 3103
1957 5108
2737 6857
5336 2449
821 1476
8540 7588
3309 7776
4449 4749
8178 6568
2604 4485
1881 3357
1104 1448
7578 434
6364 3539
401 2264
536 5102
6648 8252
9083 4028
7374 6015
3152 3281
9598 7109
4828 1012
7023 3873
2390 6550
8654 7632
613 6434
141 772
4850 7158
3726 3106
9949 3250
9150 3166
864 752
6985 4389
9245 5795
2000 6845
8033 2179
3070 2761
7029 1033
2805 976
4753 935
2215 4096
7513 2650
8837 5181
3567 5155
4726 8832
7412 499
8517 5164
6560 6950
5374 4339
3405 9042
8287 1817
4339 128
2184 5847
6046 4363
9546 8436
153 3720
4315 1472
5159 6966
4944 9090
615 7894
4745 6868
4155 2509
1390 6796
4615 4601
4211 140
2956 1728
621 6237
756 5520
8607 232
3345 3203
4982 8437
5252 2594
4535 2793
8829 5933
1561 3370
158 4168
9198 2918
1551 9225
8355 3892
4961 3712
2258 7513
6114 7302
3678 3775
5473 8618
3265 8994
3620 6313
1872 3227
1046 5421
2853 4769
5381 2664
2318 8958
1567 8481
1823 7438
1919 2686
3288 654
292 4468
5284 6931
3310 236
3752 5401
4618 7095
4990 1662
9487 7940
3826 655
5170 9168
5555 3330
6904 2990
578 9620
516 7208
9689 1796
4469 421
665 5809
1191 8924
6936 2544
1034 8793
1356 7681
3045 1566
9533 4212
5709 8893
6768 6935
8156 3747
2097 3618
586 2072
2953 4725
6614 4133
5995 9344
2471 982
5274 1988
1144 9313
6291 4954
4260 2262
4907 2785
1449 6216
9891 7372
2643 8235
868 2812
798 3712
6603 9995
4403 3326
1161 9241
2017 4913
6774 2651
1022 1176
6967 1889
2770 2507
4557 2279
1873 2650
3495 2944
5648 940
2570 8319
3289 3287
8392 7398
7160 5485
9820 499
1662 1191
426 5433
2235 5380
6861 731
3450 1604
9372 5503
4569 7249
9108 785
4325 6830
4299 5990
3182 4739
3606 5139
2905 7929
8849 2638
303 5666
7154 7924
1868 1131
5205 1163
9039 6005
2528 1818
6475 6657
9274 6726
835 5227
840 1487
1479 1625
4368 2587
766 2325
2492 6210
4329 4296
4262 538
440 8264
2293 1509
9548 6867
5233 2664
5903 1901
5835 3358
5033 8984
94 3982
9458 3
4366 1849
9633 420
4656 3463
9805 1977
272 818
8418 2780
5622 7012
5057 3622
4075 4174
1937 8679
7950 697
35 8356
6764 2017
5907 9488
1081 4063
9579 9774
3805 5783
9193 4855
936 3250
1527 7688
4473 7469
75 335
4099 9730
2144 565
2138 6358
6760 9567
1760 9925
4236 2529
1754 8138
186 2866
3668 3825
37 2919
8510 1952
8568 4825
6481 5572
6255 2553
324 6650
4590 9398
8788 1966
4235 7021
6306 6647
9667 1857
2066 9539
7953 6220
3192 6816
654 4838
6935 1260
730 9684
5431 2702
3722 9555
1498 725
9962 2613
8069 9760
7745 6204
404 8127
387 8325
4967 1144
7034 3368
5311 7101
5561 1406
1019 9597
3223 2147
5204 3352
2600 493
9649 6824
3155 988
2997 765
1005 3011
2198 5721
2942 8007
875 4380
8663 1686
6127 2402
485 5706
1751 234
1504 4703
9790 1704
8308 2562
9968 6526
1665 4875
8972 7863
8483 7629
3489 1653
96 9068
5680 7132
9451 3087
3185 3567
4987 7255
1520 1115
5607 1503
5040 4929
5412 7366
7392 345
2959 2106
6404 1732
326 5302
2786 273
5661 6237
8667 6643
6608 744
9877 5809
2384 7981
9311 287
3043 4289
7569 3804
7120 1649
8542 4476
8843 5292
9363 4712
6694 596
8007 2755
1071 6117
1853 495
6434 1829
424 4592
7713 2638
7060 16
7895 248
792 7508
9898 7756
9057 2365
1595 821
6099 530
3263 7320
7996 445
3690 8871
9559 8980
7329 1841
568 6953
2810 5980
2629 4421
57 6758
9758 1
6183 6778
1993 1030
7278 6191
2431 678
4014 1958
3931 4811
8360 8627
2893 4096
9107 6028
7302 5389
7466 6097
646 1752
3133 5756
9093 649
3195 2521
3706 2460
4007 4408
7256 2253
6210 1074
4405 1840
2171 1785
7793 4639
3696 7332
1989 2505
3633 4954
8537 9800
9918 2686
6279 8978
3071 7546
8973 6163
1999 1215
318 3305
7744 3773
6350 5409
1691 1294
9544 8161
995 2521
3978 167
97 6196
3039 656
7179 9562
9794 7324
9948 5583
7809 6401
8787 7696
4803 1149
3061 4303
5563 4897
5770 2062
927 4794
5606 7611
5271 1171
5190 8476
1685 7145
1197 9851
5042 1054
2579 9252
1968 1440
1228 5101
1910 1003
2890 9110
6871 8622
4265 7890
3205 8810
5341 1958
8970 305
640 960
7146 3308
1240 1146
4276 1390
4690 336
2338 9881
783 2751
2386 3998
9823 7264
6955 7290
9992 8483
7573 9965
634 2720
5192 8605
4912 9931
6786 4668
1011 1382
5986 7302
8236 4124
9120 1550
1432 2636
1224 9770
2928 7044
1363 1373
3291 4431
3878 2372
1589 768
1378 3860
325 4176
2825 1523
6748 7941
4705 6212
9261 9092
3227 4024
5291 6490
5499 1874
3131 838
6859 2570
8589 1834
1421 5541
9710 1906
8922 9187
4913 6405
7432 122
6840 586
1763 6786
7674 7277
7197 3330
5864 4483
1110 9098
6486 8347
3943 2208
7140 3671
8029 4879
352 1690
8982 6846
6975 9635
6345 3278
3384 5161
488 5863
7601 6615
6507 68
1055 1947
8945 2780
3282 7051
810 1827
1074 824
8893 9698
2464 38
1766 1443
7439 1131
8863 5696
9890 9431
2488 7709
1761 5060
1245 1027
2937 9871
6844 3488
7590 5286
2369 8620
3955 3699
5944 6269
5786 6072
7402 2622
711 716
3675 7293
7035 1238
5245 2563
4915 6057
8264 4760
7337 5151
3445 6694
1922 9833
1258 1149
1734 3351
1306 3273
7583 1508
1859 159
4577 36
7419 3790
6845 9425
6352 5604
2164 1347
3838 6287
1155 6143
4680 391
8104 9970
2259 1241
3938 6158
6034 6373
998 8757
5392 9226
9076 9429
7478 7681
5062 6916
7027 9913
4097 8988
3672 1538
9186 1817
423 8541
6256 961
40 9778
6110 3380
8454 3106
9957 373
3912 8927
5743 2377
6717 4569
1056 1055
5948 7771
7294 1935
4256 2231
3915 9638
9729 9470
6349 4032
410 1059
5818 9192
1894 81
9102 7502
7338 1866
8214 1415
1317 2259
8601 6106
4597 221
881 7385
7484 3046
6221 4109
761 7583
3367 9014
3761 2992
3156 3170
5811 6714
3888 6924
1590 4908
6374 2711
7222 7162
7124 2860
1538 7337
6780 5633
4566 2702
5484 2364
4927 8104
5911 5175
1745 8411
7339 9397
9688 4912
7681 5428
7106 139
9568 2116
7797 1547
2592 408
9942 1464
3825 1227
1286 8809
9344 2134
9606 3060
7010 735
8503 1226
8124 8965
2672 9986
3654 474
429 8950
706 9729
165 9868
4247 5673
9253 7575
9874 5785
1706 77
1560 6605
7512 539
4364 3344
3181 1783
8943 1259
2266 2676
4083 2030
5565 412
1223 9342
807 9114
559 7087
1282 1735
417 4834
1493 3174
2921 2289
764 3906
5278 4793
4483 2839
4762 8024
4960 5583
6799 3496
6376 9167
2929 7483
205 3393
4326 2200
6423 4788
7938 1238
7299 7170
2998 2552
6676 1585
2475 9928
3382 9454
2310 3463
2733 5237
5408 7653
8443 5076
7989 9949
2094 9393
5734 3923
2129 2698
2703 8193
3630 8412
8874 2479
8702 439
8741 3650
1016 6961
1605 1431
9060 520
1163 465
9789 2013
3191 3040
7506 3710
1925 7763
244 5732
5790 3743
1169 2157
4318 1105
8129 5035
1118 6594
5938 1405
6384 4825
6958 2668
953 8854
7629 6506
2676 2749
605 2824
54 6016
2688 2229
6197 1489
2012 5310
4693 359
7072 2275
2598 6591
9773 2759
3927 5926
2969 2763
2884 2949
1174 1292
9700 4204
2233 2411
9254 7443
9317 380
3015 3902
7966 5282
885 320
9963 3401
2514 8210
6566 2548
9196 484
1797 7833
2405 8308
4060 7275
7135 2301
3436 1864
2534 1586
3103 6067
5650 6316
4622 2770
7888 7810
1313 9275
602 855
9341 5564
1407 2761
6550 3609
1437 3255
3858 1258
6304 8131
304 3300
3581 1801
442 5400
8727 592
6820 5370
4858 1312
1533 8371
9194 9875
3538 8986
2157 1567
8480 8270
1646 7731
866 6152
8146 2785
9682 7712
1039 5276
2732 4798
1553 2243
5963 2131
6878 1837
4536 9352
1458 3478
2265 3701
6253 489
3066 7557
4476 8335
1709 9977
2784 3401
6530 9243
156 8825
61 1093
3460 3414
9868 3025
8613 4592
281 435
65 9729
3170 1573
5736 6806
2078 34
3841 9373
9978 2662
7767 7216
7827 52
2336 5538
1221 2008
6736 1304
5369 48
6333 10
6902 3141
8569 4459
1113 4511
6826 6933
3922 3961
9403 1626
6913 5089
1422 8967
3757 3107
8384 6138
2867 919
6276 3703
2774 873
5741 2022
3242 1368
19 5248
2170 2067
9212 7626
2300 1167
4738 4369
1564 1276
3296 3975
2765 5802
1147 2734
8744 7766
6724 436
9518 7610
6394 5711
2701 1701
4122 5722
7951 9367
7430 8639
1603 7857
4720 8981
8588 1963
5688 2284
9896 8342
6285 1768
2376 5556
6961 7931
8793 5574
2366 87
461 5445
8931 3171
8627 3812
2683 3484
7980 9268
6149 7951
301 8632
3001 821
1851 7675
7394 879
4611 1120
9656 323
5482 9721
