1000
6 154
246 807
632 463
433 489
422 532
788 775
386 691
142 899
252 356
943 155
173 618
656 931
495 49
54 755
709 659
737 970
138 749
835 210
365 189
416 534
796 303
810 858
562 127
798 914
360 705
767 925
425 0
951 682
402 179
619 131
853 487
12 850
413 880
7 73
256 369
769 942
482 542
384 783
681 344
757 113
906 465
805 695
817 88
308 273
32 351
103 547
643 498
14 999
435 322
626 461
47 19
220 90
677 883
490 734
26 772
611 130
351 891
203 650
719 73
658 775
66 714
858 224
459 221
158 666
340 395
844 981
609 274
854 744
324 924
298 512
768 500
178 365
408 673
443 53
721 269
739 420
953 391
468 236
478 535
576 562
694 691
286 785
491 392
736 370
832 306
508 459
244 199
346 304
711 305
678 480
594 874
76 905
918 237
978 198
214 442
149 791
878 305
373 337
457 747
506 592
795 637
622 698
105 199
975 205
294 716
573 51
615 441
602 85
284 379
4 502
977 60
808 922
840 303
352 182
649 68
874 264
77 29
819 658
223 410
522 179
461 873
620 663
994 410
851 208
382 146
464 621
702 863
765 449
40 19
911 871
307 203
928 332
133 562
794 621
588 865
79 571
838 946
740 827
390 37
600 523
542 906
826 106
283 441
228 263
526 990
559 804
148 656
971 508
155 587
936 874
924 484
685 884
444 373
636 64
635 234
754 133
947 459
222 517
407 274
136 713
476 23
864 158
182 746
766 894
335 193
828 18
989 307
447 782
760 99
861 205
763 800
226 910
190 413
927 727
686 964
533 81
431 432
567 188
37 915
271 292
449 436
429 963
174 189
571 161
877 500
949 162
551 353
688 815
242 343
237 687
541 925
799 574
285 495
243 158
520 25
85 125
454 644
460 167
914 180
209 774
479 760
268 855
312 163
538 807
753 26
557 893
8 999
259 561
695 461
343 949
670 989
646 586
759 881
134 934
272 142
434 140
574 263
892 821
829 854
357 470
548 46
900 385
229 376
929 104
705 154
212 215
409 375
410 722
871 178
870 39
316 292
477 868
362 664
500 603
156 404
483 620
97 419
161 516
986 601
973 966
774 294
399 391
227 870
442 45
618 840
793 410
747 37
512 797
179 588
876 57
450 444
326 466
303 969
269 950
641 337
730 528
961 641
211 522
637 747
744 995
587 139
487 447
379 835
480 463
590 931
935 352
279 189
970 911
534 719
30 661
255 138
309 944
608 226
981 898
13 935
419 173
726 619
693 167
117 28
380 794
872 789
261 967
791 744
484 788
938 430
152 635
288 138
112 453
189 746
814 422
671 944
348 410
700 792
591 593
715 82
540 647
837 762
515 158
193 797
995 88
666 366
684 703
517 130
125 295
651 705
592 7
714 175
146 627
275 905
342 829
64 579
898 341
580 489
108 30
187 692
869 267
139 527
993 241
471 490
561 335
204 575
523 875
583 147
368 279
11 248
579 523
881 224
121 356
63 43
392 462
466 124
207 941
849 185
699 938
137 714
374 900
141 564
181 332
775 734
428 678
996 771
488 636
486 72
691 101
265 768
24 646
597 911
325 423
722 580
525 25
127 953
624 246
104 151
758 458
383 926
315 832
972 3
568 440
217 301
331 911
51 744
120 319
659 987
238 416
899 919
984 47
2 177
979 558
716 18
673 411
291 604
751 678
847 135
743 749
762 973
78 50
92 787
801 527
49 873
124 88
107 451
664 90
718 8
761 179
16 347
831 897
421 232
516 615
999 169
822 925
305 737
389 710
172 448
896 401
353 744
729 768
940 392
976 556
304 655
93 917
962 363
946 164
338 930
529 435
57 303
439 407
607 897
414 548
420 553
820 306
680 898
886 247
539 462
430 389
329 214
502 972
68 953
378 770
904 633
75 859
836 242
545 412
631 341
903 612
879 660
756 996
937 982
197 709
62 580
499 379
519 900
901 9
367 47
106 589
909 934
581 301
789 962
240 234
388 844
577 108
842 530
922 462
55 995
20 267
247 708
377 560
154 51
599 851
521 307
907 269
210 546
628 108
363 871
23 715
665 536
558 14
67 963
27 544
908 826
750 264
944 540
963 43
344 585
415 483
333 902
732 72
661 530
493 549
589 417
115 239
845 663
532 625
919 494
494 859
293 483
839 900
432 509
655 21
169 79
642 120
785 968
280 504
546 305
262 594
848 15
717 37
469 362
748 237
706 861
524 102
682 325
735 839
72 783
162 229
821 693
639 138
692 377
778 916
191 942
893 602
850 587
91 581
445 352
856 307
614 838
355 745
578 834
165 210
129 498
887 179
375 11
248 537
536 41
612 669
98 96
550 630
274 555
198 191
604 243
634 986
630 170
497 109
825 608
510 764
802 597
418 463
648 896
230 86
809 303
231 738
201 544
948 429
452 543
258 732
102 761
575 819
42 873
552 753
53 904
920 950
310 457
406 986
88 174
823 944
175 780
807 107
46 718
827 911
467 985
176 379
168 988
738 44
273 162
1 85
370 258
553 678
781 726
216 659
131 947
18 663
674 361
438 840
882 866
704 684
306 976
804 84
453 122
846 367
470 527
610 826
863 398
205 487
950 788
160 779
531 280
387 28
0 595
455 778
349 124
153 517
83 419
776 647
81 20
393 116
974 422
969 239
311 403
150 142
701 763
605 113
514 748
96 982
114 613
59 840
372 515
862 641
317 187
687 645
910 817
235 849
833 808
742 132
734 939
855 805
321 506
52 45
448 889
498 397
912 742
358 258
361 649
504 912
564 120
472 733
266 379
843 520
354 917
503 858
412 324
565 331
745 147
278 735
234 821
554 74
755 45
225 273
385 252
183 419
779 98
535 808
990 80
208 8
723 413
436 616
87 231
381 504
710 12
841 888
668 250
38 276
264 91
485 740
749 941
180 409
549 432
956 149
296 489
297 426
405 767
998 382
31 684
111 269
669 470
299 287
219 534
511 123
501 952
481 291
140 451
703 58
812 12
465 812
473 758
720 741
277 884
456 676
143 362
773 801
28 857
213 28
89 153
101 735
350 668
17 103
782 104
960 471
446 388
985 397
144 159
824 385
866 940
982 867
356 531
251 900
113 476
585 216
679 173
733 393
202 782
786 663
988 106
991 447
959 385
359 49
195 851
923 255
74 615
48 794
676 573
474 830
934 905
241 570
313 312
852 768
640 343
816 771
713 554
652 178
707 563
690 759
130 580
875 869
423 557
249 218
572 761
45 16
905 222
110 50
595 644
980 765
458 368
95 540
267 128
196 321
301 753
894 760
513 208
983 446
941 918
218 601
566 951
164 578
41 708
873 232
606 823
727 215
902 143
188 89
163 860
621 458
109 989
964 666
186 256
116 895
151 585
569 257
50 655
657 26
746 683
675 701
426 930
797 574
71 156
206 922
942 974
61 336
771 805
560 103
475 827
147 58
289 183
462 42
528 968
5 106
260 666
731 352
696 628
327 762
895 937
596 783
617 973
253 160
627 242
221 239
347 147
118 934
603 376
544 658
764 875
697 489
888 683
958 698
82 703
25 164
128 980
537 729
339 786
224 764
613 844
653 552
56 326
233 219
292 492
915 283
917 712
336 704
199 28
36 954
787 825
932 787
337 751
518 663
15 693
319 211
505 123
884 372
857 294
323 538
19 899
777 709
302 703
376 45
752 966
369 952
489 483
239 103
245 752
318 730
177 94
930 725
741 326
997 267
257 169
593 442
586 468
330 38
314 424
784 202
543 729
322 836
170 589
883 745
708 455
921 689
650 973
440 227
123 206
270 651
371 120
772 643
925 40
394 616
815 571
29 23
885 589
33 759
334 639
184 40
167 838
530 308
398 737
192 260
90 19
171 486
931 738
44 318
300 192
215 170
39 191
9 586
570 785
364 488
135 16
556 476
644 76
987 203
889 379
145 369
94 757
660 43
366 665
967 802
728 1
563 669
625 221
818 598
860 295
43 31
34 458
813 238
84 152
122 999
683 243
913 488
811 380
806 603
232 499
451 359
965 54
276 928
496 717
200 456
166 829
22 13
880 587
945 437
400 483
194 167
647 329
86 483
441 888
667 829
527 121
401 950
157 902
70 307
957 87
403 25
952 140
867 65
891 844
954 881
126 525
159 955
800 221
616 682
396 712
492 625
629 835
939 693
654 600
834 942
725 627
80 562
890 412
328 899
672 325
662 2
424 702
865 924
281 159
290 35
60 93
417 975
803 529
99 407
638 941
69 50
132 448
968 19
100 100
404 4
966 781
397 465
933 173
830 177
463 198
724 960
65 703
250 408
35 978
282 65
254 989
236 926
897 855
623 506
427 166
73 715
698 246
598 861
332 604
601 666
770 51
21 568
507 254
395 531
992 312
345 109
868 776
263 875
341 968
926 833
582 536
295 144
3 174
633 175
391 393
790 584
689 782
411 364
555 658
584 497
859 777
10 602
185 301
792 511
58 795
645 503
955 875
437 716
780 142
663 854
509 445
287 969
712 575
783 315
547 98
916 464
119 510
320 609
