3000
2886 2952
2553 2611
2055 2716
236 1968
2996 1282
143 44
45 421
1060 2334
2732 2111
55 1905
434 2572
658 130
701 2835
2286 1237
2573 2250
73 2080
996 621
1284 1350
1962 1425
92 447
1636 2093
1482 855
400 305
894 1645
1329 178
2109 310
1067 685
2069 98
2011 2355
2010 981
928 2557
1447 2577
1227 0
2377 539
1738 419
2452 1956
522 448
2030 1618
1112 80
578 2807
2470 2907
259 1168
2597 551
1957 346
990 407
2976 1441
1583 2879
2170 1081
714 142
977 1530
2775 3
1684 1862
653 372
1349 1549
901 1403
117 1876
934 1427
1476 2137
386 2755
46 1891
494 2568
2107 2289
234 769
988 2985
1346 182
1733 1051
1319 2201
2609 133
2764 2064
1857 544
2420 1418
1035 2508
430 577
1030 856
842 368
2245 886
1002 1590
213 2717
2740 1034
227 1439
1207 2592
2955 886
2274 2900
1012 1337
1212 2829
0 1020
1065 364
2563 1655
913 2534
34 1646
2146 2487
1352 1545
1461 1632
1884 294
2565 739
2890 2733
1091 2557
1896 1195
2199 2709
413 338
1164 2147
2191 535
2980 666
2623 405
2566 2186
1427 2577
431 1000
2621 686
793 727
339 874
2117 508
1792 218
703 1365
2257 1426
562 27
1287 2368
498 2369
2884 2171
708 1844
1513 1910
2945 756
2840 2402
965 818
1796 420
2987 1851
2640 1995
1196 2220
1066 1077
2423 2480
2027 2403
1991 511
2848 2491
475 1560
818 686
1831 1905
2361 2154
1856 1412
16 2857
2425 2109
2379 762
791 2315
438 1639
989 12
1958 1632
1959 236
2145 1239
2849 1840
1758 604
1261 1351
2632 58
1059 2649
126 1954
1467 963
1824 127
1003 2834
757 1258
1448 1375
693 1008
353 811
445 962
1350 2916
2818 1956
1504 2487
768 1433
1027 2087
484 1709
2959 1365
1338 724
1395 2321
197 2610
1470 2209
2233 2819
2330 928
2894 1285
1974 338
1800 2283
2217 1366
2064 2331
2259 1947
2492 2307
1730 1215
1584 817
1905 1669
1606 2713
2434 877
549 1155
585 241
2365 2653
926 2510
2277 1101
1301 2032
2218 1643
2059 2682
1951 1053
541 973
2155 2387
1535 1592
1745 2237
2503 128
497 2002
2531 1592
865 1827
1294 1195
20 1872
877 1064
1996 2306
624 430
1381 154
2103 2761
586 2561
1898 1341
507 127
215 2249
1665 2505
1511 2175
2066 269
944 2137
946 1441
2628 1359
2598 1348
529 175
2133 1659
130 1020
331 760
171 1747
830 2742
476 2386
1851 889
1809 2091
284 444
2581 425
599 1492
2643 521
224 1188
1653 811
1491 89
1794 66
86 1208
1026 849
1702 1541
448 583
921 1166
1963 2397
499 560
1141 2430
1451 2024
2974 2591
612 1782
216 2464
678 1550
1598 658
2130 1935
2350 138
1361 681
1160 990
129 2873
1240 1694
1364 2688
1058 2757
2734 2163
2467 1217
773 964
1989 104
1188 2546
2693 1789
2993 686
557 722
2252 790
2197 2663
2771 486
1495 538
807 1196
2083 1840
907 1771
2174 571
83 2252
577 1581
1891 665
2607 2957
992 562
1719 497
1709 2972
1676 692
1410 1391
1546 320
957 783
937 2846
2164 87
2025 2491
1146 937
2017 2503
1685 1514
1975 985
2994 1509
1237 1630
2929 669
376 459
1575 1232
2651 2207
912 608
1995 197
361 2180
1786 57
2115 1952
2711 2458
2473 849
1008 1240
1159 2701
2232 1374
1748 1329
762 2394
1277 307
1140 2724
1681 274
2209 1932
2878 843
2114 23
1247 2734
1669 340
2449 2728
1947 2723
2953 1923
201 2958
1232 1165
1986 2028
2386 1173
825 82
128 1748
1455 2211
443 2586
32 2858
1105 2862
2063 166
57 483
436 1350
2113 2256
2039 679
2013 2023
588 2626
2093 554
1046 1402
1952 2306
3 477
1021 328
631 2249
2753 1408
973 466
2418 267
2706 401
1184 2916
2189 1072
1944 2438
1526 2357
243 2461
1837 2004
858 2420
1262 824
2845 438
199 692
2920 1751
1773 2341
2424 2892
1870 491
1098 720
1852 145
991 2970
1876 1978
105 1476
1168 1429
2312 1534
684 1107
2552 2075
2020 335
1005 266
618 2326
2620 1553
2606 2328
2659 710
785 462
1666 1487
749 990
177 2331
2432 1331
108 1473
2307 2977
632 1216
36 976
13 1735
712 311
496 1167
2564 1308
1401 566
668 530
2287 1678
566 1467
214 1199
2119 1631
1343 833
2476 884
1690 1060
2477 2719
2457 236
1134 906
2309 2912
1873 767
341 2731
736 1750
2215 527
581 1834
608 133
1651 545
1914 783
2356 2708
2261 594
1250 2948
661 239
2283 1783
666 1235
2546 522
1563 2951
1215 200
2524 1536
2712 1627
2541 2698
1360 1073
1841 89
135 1297
364 1
2549 1734
2016 1880
2909 1860
2341 841
1390 938
333 371
1488 1400
2210 794
1516 906
909 605
1388 403
182 944
836 1486
2826 2780
2898 1882
2380 2980
2430 1861
103 1474
2089 2212
629 530
2691 360
1790 718
66 2443
1692 2755
707 891
2123 178
355 2032
2417 2498
2535 186
2390 884
941 2413
1579 912
253 2648
1904 303
1138 619
495 1802
917 2632
1090 2562
2767 1044
1298 2904
1515 1038
1371 710
1869 1791
1736 2118
2779 2924
2589 1835
456 561
307 1821
2122 2832
25 1585
2559 721
1131 2753
1252 1442
1279 177
2120 1154
821 2451
780 1633
2760 571
1310 2219
69 1470
2815 2397
1866 1975
2141 1023
1332 331
1334 1020
802 679
2832 951
1854 775
2669 1424
1426 281
471 2213
2181 1202
1607 2373
2590 416
1977 1106
411 1745
2629 637
1299 634
2403 287
1938 1898
1657 1693
1788 1465
2913 997
1377 164
515 847
798 812
1522 1455
1018 1031
2306 2825
2203 2045
1670 268
552 2734
2382 1387
282 355
2276 2328
2319 1811
159 2275
1322 199
2937 1570
1661 1745
1161 626
2347 153
741 2902
2464 2873
2633 1734
1079 778
902 1850
2435 2599
1878 2495
150 898
2453 147
439 2956
1264 2597
2940 1193
1151 1407
412 2172
728 1543
735 2672
1797 298
775 32
1183 483
2190 2080
1472 1180
1971 1795
279 1219
2789 2703
210 2303
369 1286
2008 59
571 672
2961 267
2532 2006
1205 94
429 1417
954 2948
1408 2643
41 329
1492 1701
1621 2681
2533 2146
1593 220
452 194
2539 845
2325 354
1145 2310
781 1074
2486 1935
1818 1568
1935 2112
1693 1420
2266 2948
1727 1676
1943 1703
2903 2538
1419 33
127 1772
302 1573
929 11
357 844
1880 2774
2568 2334
2528 2056
1022 1987
2862 2312
362 373
2873 1929
1313 113
960 1930
1965 1446
897 1471
1433 406
1473 2929
2512 1452
493 242
2371 1701
2042 300
2081 1522
363 955
2871 486
524 1760
2543 2524
2671 2640
2828 819
1417 1037
2466 2038
1554 1365
2595 2293
1038 1169
2158 745
1483 2191
2860 1999
1195 1978
295 443
2681 393
1113 1056
2811 2495
2839 622
2147 697
1819 236
998 1230
502 62
2547 2994
1893 2913
2791 2644
440 677
2416 1378
1259 651
1920 922
2479 2537
2805 1371
844 42
2904 2236
1272 1362
1307 2229
2437 1249
1820 803
2695 2583
862 656
2041 2808
1639 338
1135 1416
2853 3
1916 361
2770 147
51 1883
1576 1642
2555 2884
207 769
421 1849
2396 1810
1290 1309
2899 2421
1743 2000
2820 1325
933 1242
1365 835
1836 1
758 2787
2574 2320
563 2197
649 969
1983 2405
112 1741
2505 2941
953 1826
884 233
525 2118
2686 2044
1420 2122
2037 427
520 1040
2289 784
1409 1649
936 360
1152 2977
2511 1983
2334 1228
1208 1611
2689 1798
478 2968
1924 214
1258 1275
1689 2940
1656 2769
880 164
2450 2369
1308 50
324 1431
2868 2447
1997 1572
1557 2107
1562 2483
1586 1660
2700 1358
2776 2567
983 2898
1082 2269
2971 854
2139 1760
1672 986
2224 1519
281 238
1101 607
139 2626
1385 1124
2841 253
663 743
1808 2272
1615 2976
2408 493
2322 2743
1248 1075
1315 2726
504 180
1020 354
650 689
301 2682
1242 1876
1405 2608
2502 279
2729 1351
633 2685
2708 1636
1927 1990
2790 2993
2836 1312
1912 886
506 2979
604 2890
2121 1139
2067 1057
2863 1932
1720 2559
1521 570
2211 1204
2816 1368
1601 1137
2538 594
740 1403
1489 413
1015 1470
2829 2863
2426 277
1634 1154
260 2544
2817 301
2809 1694
2200 2909
2617 2459
2448 2056
2895 1572
1909 1771
648 2969
1366 694
1585 1844
2112 1614
67 1272
1501 2570
2672 1988
424 1744
2973 2041
850 2753
481 1344
2800 1339
2118 336
2639 286
1993 680
1357 2898
656 1137
709 912
1887 1854
77 2727
1185 1207
756 145
2392 2346
2263 1189
483 676
2129 2727
272 2416
2756 2077
1428 2318
2722 1428
136 2751
2947 1988
2485 406
153 88
444 2050
2523 1793
2138 418
2049 1980
1940 1472
196 65
680 154
839 2743
318 37
167 277
2634 2404
922 98
2835 1265
1731 417
2537 2418
2542 2582
2234 375
932 2381
1165 2761
2983 2683
1973 509
277 1013
1976 2050
2003 464
2525 2128
2927 1458
437 235
923 129
595 2263
1403 1857
2444 2685
2665 1434
1933 2726
2180 657
1171 197
713 310
308 2090
1010 2503
1440 1350
2335 2540
761 2169
1999 1204
2507 859
1746 2103
490 1041
2830 2580
1762 1894
985 2132
1757 94
2900 390
203 1862
643 1902
2085 175
772 1609
1668 1675
2960 603
2782 1591
335 2931
550 2499
2774 1981
579 2918
2275 690
1847 142
1148 916
1825 192
1552 1181
2578 1531
987 2945
2799 1979
1712 697
1969 2827
1291 1963
918 2155
2258 2423
81 483
2530 1012
2887 2239
185 1891
1328 397
1157 706
2743 2523
144 1461
521 1621
328 2376
993 1206
1229 41
2717 1710
2045 2149
1903 876
188 528
559 1316
819 1122
54 604
1368 2183
2957 2034
293 1406
1209 1384
2134 1725
792 724
4 2116
811 1122
1446 2672
2692 403
1760 2905
896 1563
1084 2927
1475 2142
2930 1457
2664 171
1474 1934
1889 837
1019 833
2670 1327
1830 607
1939 535
1675 1531
1890 244
874 525
2696 163
1362 2959
1216 511
202 2130
1225 2512
426 1839
519 1127
1418 112
2751 1232
2865 2089
1265 2159
1864 2266
997 1926
294 2975
2002 655
1638 2834
889 2582
1176 1952
102 809
994 1250
2033 1851
2031 1382
2177 2606
783 750
257 1048
2165 655
1768 1249
1235 2998
2759 2178
1538 711
1901 152
641 2430
1811 2427
174 2274
395 569
2367 2231
2867 1527
1844 804
222 609
1871 942
1518 1224
1041 300
2438 452
2242 1163
1785 1675
1359 754
2612 330
2291 209
2719 2642
120 999
1574 1694
1992 2850
1435 10
2567 2883
1045 1855
1424 1922
863 1173
416 2934
1204 2185
58 2953
1457 2280
64 338
2668 571
98 1435
1954 44
211 949
2946 1808
1543 2481
1075 1183
35 2306
544 1857
2316 984
787 882
90 991
1541 1351
2293 1392
871 658
1791 606
533 1515
2923 1204
316 89
1198 2630
1564 1864
898 2566
1587 2100
1174 209
2631 150
2385 722
1006 2277
1190 2582
1224 2415
93 104
468 952
1093 2222
1662 1827
2388 2908
1156 1408
160 993
1949 838
2888 144
1832 2690
204 480
2050 527
1397 1398
2627 926
919 1266
2958 2561
1335 1313
834 1643
2739 530
616 963
589 1843
569 2506
2161 2741
2459 2658
801 86
2992 2520
1414 1687
1468 1339
1701 270
1477 806
2699 2589
2844 2068
2649 771
155 155
2735 322
2034 2634
1266 2066
938 1294
620 260
2662 2114
2313 98
530 335
2648 2382
2173 2659
1892 1497
2761 2765
1074 310
846 400
1201 902
2401 2551
1061 142
52 2809
1781 2767
2304 1093
2893 1149
1802 1721
1044 2483
190 518
1336 1797
1711 2119
1925 2303
2768 1058
1967 869
971 2655
626 1123
1782 2767
750 2446
1678 1015
179 1971
2125 2095
652 1224
2810 1781
1703 2377
1386 1094
2608 1916
690 1374
1698 1976
843 1350
2131 1458
1917 1342
2179 1520
1302 2916
1937 211
1083 1037
2395 2535
1064 435
14 2285
1907 622
1106 212
397 2494
651 2636
2504 105
2298 940
1561 2712
2891 2949
332 1072
1143 1943
2195 1750
1568 2555
812 1683
133 609
1655 1353
1452 1276
2143 1062
1241 92
289 2023
1404 603
2673 2479
2916 2147
473 1321
2359 430
5 1939
1664 142
1616 660
2345 351
2192 2784
1514 2019
2427 499
218 429
1166 242
70 113
2582 1929
2227 1682
2196 993
2785 685
329 1065
1089 1205
634 1831
2446 2167
2088 447
2624 2688
2246 2197
1643 579
1533 1926
883 2888
2318 2564
925 2507
1723 1331
903 650
537 1398
2572 2938
2513 2935
2819 794
1988 2661
268 896
1154 1319
172 1332
916 1801
1622 11
2926 2869
1795 2782
2498 1684
2536 2106
2368 1990
65 1265
1393 2167
2715 1890
2015 1563
2720 934
2577 1597
1120 2811
1387 355
239 37
664 1500
48 330
1910 893
774 917
2616 1282
1842 2038
2794 2073
1646 1041
378 1868
555 893
860 2526
610 1271
344 2830
747 1223
1707 2811
1347 2769
2047 2456
1612 152
1695 1745
575 622
1253 2829
955 1032
2409 1925
2014 1633
1398 556
561 2596
1036 2504
1956 742
999 2345
271 44
118 1816
42 1946
827 387
676 2693
2332 1111
583 370
1644 53
2061 2414
2646 2457
71 1216
1464 2079
1256 2477
1033 352
1099 2196
2950 149
2889 2018
2982 1674
7 2431
2679 1269
1687 1000
605 1247
191 1151
1783 2475
1039 2578
704 2598
1834 1880
1807 2543
2825 386
1828 567
914 2695
2701 507
2637 185
1941 560
217 2840
2378 567
1573 2419
1389 355
681 2103
1239 2639
2685 2282
1445 2308
1230 2696
435 2305
480 1233
1487 1285
1150 2753
2278 2706
396 489
1317 2059
286 2700
1251 73
2780 662
1228 1808
1441 1649
59 576
2000 1352
1314 26
491 2720
1374 2056
1582 2764
2124 49
249 2401
1801 827
1137 2402
1443 2930
1603 1525
1798 2834
2915 2807
687 552
418 2356
477 2879
1566 1674
2911 296
1542 2152
945 1201
639 1089
1399 2811
2288 46
2914 2206
278 996
433 38
2193 1810
615 922
2462 463
675 2011
1050 546
237 2395
974 506
427 607
1369 480
2657 2711
2808 618
2270 396
743 2386
2302 202
2765 1711
147 1655
718 963
2024 2899
406 1606
2874 2713
1276 1986
584 1765
1752 2703
1845 1783
2499 872
2136 1808
381 1358
2419 1036
1817 2028
2032 1199
2311 284
425 2996
2738 1912
322 2650
1128 1276
225 1825
1378 892
1613 1884
1749 417
1659 823
655 1176
1163 741
297 1917
2941 138
2630 564
1100 143
2188 49
1934 2845
1493 2730
1370 1554
410 1882
1509 227
2282 232
2951 1905
2029 2632
2006 2672
2850 1760
1530 13
526 2735
1115 1983
1641 34
462 2927
1648 175
285 1467
647 1239
1753 1777
115 1894
390 2600
1076 886
15 1308
2962 1236
931 842
18 1137
1104 456
1017 316
2153 1490
1775 2694
2990 546
848 1199
2997 2230
2824 1480
242 743
1694 1618
315 2872
1667 718
1243 1292
2354 2877
1886 2556
1663 337
2441 1624
2544 1764
2968 1756
2235 2016
1610 942
228 2951
2484 1909
2317 1942
408 2669
1421 188
2205 1538
1202 808
24 618
2201 571
276 142
1697 841
2684 858
2985 783
1776 2748
2456 920
698 2923
1444 1097
1536 153
2004 1559
935 795
91 878
1331 807
962 2916
2676 2533
630 1166
2625 2873
2320 2042
1604 2529
383 2141
939 843
805 2310
887 1714
314 1668
1600 1322
1412 2252
140 1848
2236 487
1806 222
598 2322
1671 1846
1024 1342
2402 2125
2483 2618
840 259
2858 206
2056 825
1481 771
1102 1171
831 759
1087 1343
1425 390
590 1117
627 414
963 1040
2655 1219
733 852
399 2147
2036 449
1624 2163
1784 0
1994 410
1330 1117
1630 2869
2998 1565
635 1836
1000 624
1373 1324
1970 913
2803 661
1121 1620
759 2013
1708 2176
334 1158
2847 38
2104 715
2667 657
732 322
1902 2784
2271 621
1990 32
1286 1890
2374 2910
734 2317
1691 2037
1635 291
2783 2731
1282 1329
745 1625
1345 85
350 2492
2650 1068
2806 1462
343 268
752 297
1263 1028
235 1198
1769 2049
2084 2121
847 387
2005 2616
409 2736
2570 1549
1931 1776
1654 640
401 2937
730 514
1108 461
1056 2902
2736 1250
1650 2305
1629 0
2472 1941
2515 2505
149 816
1274 1765
371 2499
1380 1492
2279 657
1436 640
1220 77
895 2859
1545 288
623 2582
2051 954
1754 1026
446 2791
2999 1739
1127 2701
1569 2050
1838 964
246 1595
1342 2094
1735 887
2362 2743
2793 1195
872 655
221 1289
2613 2335
1981 2335
748 921
2324 1494
186 452
644 2820
1107 2639
1355 1540
2762 1172
2207 541
465 64
972 1081
876 209
694 1624
1254 1583
1899 1501
2040 815
950 608
1862 364
875 612
1888 320
822 2338
1628 1242
487 431
1553 2689
30 179
1353 2097
2213 370
2778 789
2157 2399
1565 556
2364 2134
384 599
1430 2201
910 1099
402 942
1218 138
1725 71
679 2024
1626 12
1223 2707
1688 1605
454 2675
1529 2811
2966 2163
1040 1903
2579 1599
510 1124
447 896
288 2666
2561 2733
602 1339
607 755
2344 1546
2294 1446
2604 169
26 1985
600 1291
2978 763
1942 1594
405 1884
1153 1738
2716 1224
2012 542
1029 321
1619 1003
2636 130
345 1795
194 2426
1865 1435
1581 1838
2728 2623
1908 2763
2273 997
796 2124
1926 976
1987 2911
2663 719
2580 2502
2605 1526
2229 2203
688 2428
2557 947
2463 1134
450 1583
275 162
2168 1248
852 2159
1853 1619
472 2931
49 1308
1219 582
2171 1613
1985 1110
904 993
1413 1507
1961 1669
1551 373
2126 1632
1063 476
689 764
1816 1135
2342 1748
158 1391
111 70
2328 1446
2592 123
1062 2330
391 2998
975 1927
1231 2282
1267 2053
654 1560
942 1183
2908 584
1117 2309
1928 1679
1827 2442
338 2968
564 1073
697 2511
2652 1948
2048 1634
146 742
1531 2713
986 330
2905 745
2786 796
99 1356
1589 1256
1717 2300
1077 1953
463 2680
2644 2619
597 31
2713 1251
2422 739
500 1758
789 465
2935 704
89 1815
2358 2000
176 781
299 2736
2154 176
2221 1602
2237 763
2603 2560
2376 1528
2763 186
1570 1079
2682 807
189 965
2919 1645
2167 1495
1882 866
2243 1231
554 1063
2080 1815
2315 402
1705 2549
636 2747
878 2982
1327 346
116 1623
1306 112
803 49
2137 2988
2216 499
2690 2359
2097 1861
1179 547
1848 602
63 1328
2491 1758
731 2456
2253 874
261 2437
296 1757
2680 1663
208 4
1085 1347
1625 1132
2925 1337
797 1365
516 2102
1449 2490
2501 1595
2026 2671
1614 124
900 2083
2110 1627
2111 1728
952 2094
113 2911
380 160
2560 1888
645 525
2091 312
1354 2768
138 2692
1803 1825
244 2335
2656 1457
1122 1055
2814 2153
591 2054
50 1476
1167 2326
1172 128
134 1757
178 83
976 594
2529 28
1052 599
2140 1256
2707 2784
17 623
2100 1139
1094 1951
1081 82
1088 2409
1879 2654
696 929
1363 2293
1057 1394
592 2934
2855 1282
1285 155
2074 386
582 254
304 1145
101 48
104 346
682 367
1249 1420
154 1183
2489 2330
1288 2659
1964 1444
1095 893
1507 2196
2445 1035
342 131
1966 2170
617 1413
786 1568
1031 307
1321 605
1484 289
1273 1811
1068 2344
1213 2199
141 1502
2440 1639
940 2379
183 261
609 1589
1193 2747
22 2912
808 720
348 839
1742 1851
1611 518
1894 1678
1540 2732
1737 2518
1580 500
2949 377
886 1331
1356 183
1376 2624
2 1477
1640 2311
109 1479
540 2967
1311 1989
95 2607
2214 1975
2150 2851
2545 132
1741 1403
738 1025
501 1798
232 1606
2601 1835
659 142
1772 2433
1318 2494
2964 1313
2095 2966
2857 1474
2455 2800
283 1644
131 1765
1815 1208
1275 543
2804 2710
2331 2195
1226 2679
2988 2413
1550 2781
532 1618
2028 896
2872 672
2348 1764
2326 2897
765 1672
2977 2385
1674 2560
229 1141
403 94
727 2054
1923 1045
503 381
2148 951
1305 1503
74 921
1897 2043
838 2164
180 2011
2694 1278
2952 288
558 1937
2219 2153
699 946
943 1510
200 2613
1411 2753
2788 2552
240 2726
1071 2023
1805 452
2972 2687
75 570
1979 2757
2661 2685
336 688
273 1178
2885 173
1442 384
1810 1610
1423 2537
1885 2166
1787 370
2357 2752
2554 2631
816 1365
755 475
915 2959
290 143
1523 1259
6 2209
2586 810
2902 1096
2727 1420
61 998
2843 1272
806 1213
1922 2287
543 1270
311 2219
1617 55
248 2283
642 1732
373 2137
567 1265
1556 854
84 1805
539 141
2458 2361
2975 782
287 1089
2714 1940
2678 2251
849 42
2697 2000
984 2906
2098 2679
1303 679
2749 1256
1459 1765
1462 392
2773 558
523 2569
2906 159
982 2318
2921 1427
1686 860
360 534
1191 2155
2838 2629
125 1973
110 518
854 743
2766 523
1726 1951
163 371
2509 310
2077 1219
1341 2007
1716 2793
467 2334
351 1427
611 1989
2057 423
1984 1220
1750 1314
1236 16
192 2741
2194 742
219 1150
2861 2664
2846 2235
2300 1824
1631 2517
1283 492
2333 1420
2877 1570
2647 1846
2724 957
175 1957
1186 1230
1868 960
255 823
662 409
2493 965
1391 959
97 2348
1764 782
1761 1465
2096 2965
888 346
165 1398
461 906
106 1652
366 1955
161 2473
1037 1763
2594 2495
358 1802
2859 1640
2928 955
2366 2952
298 1667
715 1186
2399 2087
2924 2441
2240 1225
1400 2305
2600 1549
777 1646
2353 47
868 220
1125 184
1415 2679
1700 930
2897 700
1072 1049
12 2960
28 1852
274 73
123 1570
1217 122
1539 1265
114 1396
1861 2731
828 1922
2223 1475
492 2196
1660 1352
879 2407
2584 663
187 372
2323 2838
795 1879
1312 79
1978 49
1519 2515
1340 2785
2754 2169
2372 1911
1756 2637
2469 713
122 348
2244 851
864 1680
2619 2337
2412 1024
1011 1352
2618 171
788 2205
2490 1701
1394 1636
2073 1618
2060 804
2381 1353
980 1305
2127 2315
2856 1780
1618 2421
2602 1311
2558 2075
2675 796
2198 750
162 1551
1721 1992
683 2034
637 406
460 2104
2653 526
9 1621
1162 2570
2797 484
769 1533
2796 786
2744 388
670 2458
157 1463
2931 2105
1632 1680
1599 1635
1682 1428
1450 1294
1911 1057
1549 1943
2220 1448
947 2043
2943 2284
685 799
2249 1081
2934 1922
2518 2049
2827 619
2710 2100
2251 2254
2757 1367
1751 2947
2755 1168
978 1745
2406 1695
665 2552
382 1383
870 1173
1175 62
356 586
2666 2314
1092 1982
68 2613
2654 1337
2337 2195
270 2532
1123 1163
319 1279
1833 1459
1034 1211
1591 463
262 1851
1528 1820
956 2717
2241 881
2480 1397
2474 2070
771 2125
2495 2464
1558 1606
2405 284
457 291
2398 667
2185 1175
1770 1270
1182 1885
78 682
751 1439
1637 1806
1499 2746
488 2892
1506 2465
2969 981
899 2575
2956 2089
1177 1633
1822 2390
1500 20
1269 47
1270 2092
1855 592
388 2021
1438 2544
1547 134
2842 2342
62 92
1840 1120
1503 2772
245 937
1858 2620
442 1153
779 1842
317 562
370 2501
2090 1185
2556 236
2901 2514
1494 1245
833 2184
181 431
859 1292
556 27
327 2228
458 1983
2725 1615
568 147
2433 1959
2308 105
2281 2175
1180 1120
587 2830
2451 1264
514 539
1524 1707
1053 1842
1372 1114
2099 1239
776 1815
1835 289
312 210
2159 954
1055 415
2072 2988
534 278
1930 1790
2351 91
1823 609
1679 2281
2454 37
1479 465
2687 168
2723 2344
565 2560
2292 2856
1534 783
1292 318
1814 911
1498 1741
2500 2824
2705 665
2239 63
677 2000
2087 1087
1114 605
428 2093
621 101
291 983
820 799
1054 886
2436 2382
2517 2597
2591 2617
518 1009
548 1742
2102 2458
1144 19
142 1905
2837 189
1771 1707
121 2541
1169 2357
2009 1337
2182 1986
824 2840
2336 1874
1929 1689
2575 1724
809 1869
861 2254
667 1938
2465 1826
2514 306
2375 1716
2527 444
1051 2315
1132 74
250 1197
2268 1188
432 511
969 43
1715 2739
1859 673
2135 1867
1895 2280
2044 678
1246 377
2400 1201
657 247
2265 225
1765 2540
359 2167
2942 171
2742 2076
1913 1502
2413 1838
603 1969
742 2186
486 599
625 1299
614 1812
2733 2338
107 2244
719 31
2226 2707
441 2880
365 1389
1014 624
1304 1479
2593 1411
56 2262
837 2584
451 856
1109 175
2852 2489
2802 2771
2984 2104
622 1850
19 17
2421 2939
2562 1300
193 456
905 2967
2305 1990
1608 2400
951 1946
1392 2750
470 1309
392 930
206 2761
40 2272
546 140
1333 1779
2301 1781
2813 2545
2447 2886
1200 1860
33 218
1777 2618
1069 976
1948 2013
967 1680
1431 845
2822 2444
2991 1093
1458 184
1590 1173
1416 1670
449 143
2626 2028
2070 2973
2043 544
966 1897
1780 1454
1696 982
1863 1631
512 2614
1471 101
2389 2491
717 597
867 235
1316 781
1714 1783
2094 264
1936 2483
1013 510
423 1580
1846 2688
1001 1677
2772 1475
2922 299
1130 714
2866 483
1821 2794
2184 233
404 2018
2506 227
164 2376
970 2757
2795 234
354 2535
1867 2404
1187 941
1206 502
2698 2375
1508 1153
2737 1409
2101 858
2481 1580
2936 2295
1278 213
1900 824
2225 852
832 817
2339 1353
1497 2533
1849 19
469 1910
1086 2466
2343 2347
517 1918
415 313
389 984
2019 1335
2393 81
2231 467
168 1408
2497 2314
27 1880
1860 1974
995 122
890 1521
2053 1335
2986 251
720 2698
800 1455
2831 1916
702 1875
646 760
2522 592
1502 1914
538 663
251 1858
1234 2422
814 62
2709 514
29 2288
2812 2966
2769 867
2046 2443
948 709
2731 2697
1683 728
349 1478
230 1074
1623 181
231 2151
619 1258
725 972
2989 2724
1260 2062
166 1355
2798 2298
152 506
2792 2680
2741 223
705 2938
2879 1122
2599 626
1946 1323
387 628
1189 600
1158 1616
266 1421
2007 452
2079 973
2022 2528
464 1673
2142 1042
613 1960
815 1356
920 423
398 2659
367 649
784 634
1211 1865
1722 888
1843 1982
1774 1350
2658 1344
1755 372
1384 793
82 2092
1677 1973
1578 2399
813 14
1609 1392
810 2362
1210 743
1194 1375
1799 456
2622 1585
2086 1220
2880 1338
1594 2839
2851 2474
1297 2634
1139 2215
340 1834
2821 1247
2979 1689
1918 1764
2285 1733
706 849
2571 591
347 267
2255 13
891 2755
2394 2826
1793 849
1510 2020
2688 1051
1439 2208
1320 1912
790 514
1434 2974
2414 457
1706 1716
280 841
2718 2555
2369 273
2752 2470
1280 1975
1875 366
1537 433
2310 2574
1647 814
2478 572
1839 1428
2415 1963
258 2877
1133 1731
2397 917
1110 243
1047 1094
1463 1569
2387 622
1919 1232
2910 927
2702 1506
2854 1672
419 1975
1437 1587
325 2557
2023 1928
368 857
2777 1649
1323 2582
313 1350
857 2436
866 2082
2175 1075
2475 838
841 744
1588 669
2132 2752
660 1241
2172 2460
2938 925
574 317
305 243
1778 2953
2487 2471
385 2846
2280 2332
2373 2180
2076 383
1813 2280
1921 1722
2105 1839
508 2218
148 1936
2295 2131
88 2006
2156 1627
2106 421
2550 1901
1070 20
1592 1736
2583 635
23 2576
640 614
1465 1788
1485 1881
1486 136
767 1988
1221 340
1309 681
263 2470
264 301
1804 940
1296 1229
2264 1102
2204 1234
2206 2050
31 854
2918 2624
2823 2208
2429 1000
2781 597
2970 545
2163 1536
1348 2949
2346 1636
580 2450
513 2904
1480 2330
2128 2356
542 574
1268 178
2704 1167
1422 895
1007 2550
1407 1842
1829 1709
794 2941
2912 478
853 2770
851 2707
2471 2473
2329 631
2212 16
2363 476
2178 1674
1658 1181
1998 2309
2338 1893
1199 1941
310 96
593 2573
927 1122
753 2216
2967 2062
2746 1619
482 1496
2352 1887
672 1333
8 2244
770 2274
407 384
2248 547
337 722
2407 2182
722 201
2176 1768
1744 1561
893 1055
744 2215
1649 24
2587 115
226 2107
1704 2366
892 548
1496 1373
2284 300
2614 1174
2169 2968
2534 2226
2082 201
2521 1674
320 205
1718 909
1620 2612
47 1753
1119 2926
1877 2001
1517 620
1379 2351
87 2564
2932 1291
2247 2114
2615 1987
1972 36
21 2196
1596 102
1295 2313
1532 2110
1009 2594
1597 1809
220 439
1980 623
1238 2126
911 258
330 146
2933 1502
2784 2061
323 260
746 1560
37 408
1766 721
1577 253
2995 933
547 789
1759 2231
924 182
964 1905
2018 2339
269 513
2745 1231
671 1774
2327 2312
509 387
2948 2962
1048 2188
2162 2106
2001 992
2186 2470
2864 1071
2642 609
145 613
1932 179
2187 1806
804 665
233 59
2747 962
2677 2052
2256 2547
628 1615
2303 893
2569 1888
2340 1756
205 2610
420 249
673 1055
2721 1538
754 1171
1124 1465
2370 55
94 2723
60 67
1429 91
826 51
2208 1360
1571 1494
2267 2243
321 2700
1950 1508
2052 1119
100 1606
2610 468
2939 2144
2152 1210
686 918
1293 587
1466 2232
724 2018
572 2706
1699 1404
2355 197
393 1187
1192 1581
1344 991
1043 1652
2917 1630
1406 469
375 2687
1881 291
1729 2978
1747 1403
212 2131
2442 281
778 1727
1028 1112
1129 1463
2683 1876
2876 1723
119 1996
968 849
2054 1306
606 1736
764 2518
2250 111
2660 1211
422 2594
2468 697
1680 1670
1710 252
2078 2491
2349 59
2834 2139
2166 2044
2461 313
1325 790
156 1388
1627 1656
721 2364
1181 2345
1004 1397
170 2968
2611 2051
2896 2094
2787 2749
2431 898
2519 1942
1915 1284
1572 368
959 1180
2299 2803
2411 1717
1945 2277
238 2485
2981 619
1324 63
2238 1224
2496 2459
1512 2052
1178 804
43 1864
930 35
2183 119
601 971
173 343
551 1830
485 2681
1633 439
1271 1447
2954 2408
1454 2245
2516 2694
716 833
2869 1178
2576 638
352 786
489 1606
1812 80
1548 2471
2262 1521
1244 1048
1402 1905
326 1844
799 678
2360 847
300 1875
2439 161
2065 2479
1478 183
1453 2918
545 792
466 911
394 55
691 2279
535 1621
1953 2548
1469 2490
1375 1149
1527 1828
1203 1761
372 920
1351 165
882 2391
1544 411
1049 2563
1850 840
309 2371
1142 2805
38 2084
2882 945
1456 2530
76 1350
72 166
594 1370
829 808
528 2072
1155 2200
1367 926
1255 1136
2870 1392
845 981
1257 1702
873 1639
1968 2771
53 2053
1732 527
479 2869
1602 973
1245 2131
2092 2976
169 2137
2641 906
2482 943
2075 1102
254 4
151 1080
2674 1004
981 2562
2881 267
1103 2865
2645 1114
2269 1999
1779 415
949 2147
265 2466
1739 1975
570 2806
1960 1009
760 198
2963 2005
1214 2706
553 2042
1740 457
823 2075
1016 2799
766 2823
2410 977
2384 1707
1734 1120
531 2583
1382 2739
2801 2439
1111 2680
1233 2108
869 1269
1605 1012
560 2899
2526 597
2116 1187
1955 496
2460 957
2038 2597
881 2077
2228 594
1358 1807
505 441
96 2077
2944 1041
1595 799
1982 1379
1149 483
1116 561
1197 2878
292 2283
377 2835
1560 2683
723 1330
1460 2355
2071 2636
1645 1900
2508 1476
710 96
835 633
536 2515
303 1610
669 1750
2443 497
763 997
2058 1580
1520 1547
2383 65
2833 1019
2510 689
1652 2945
80 1902
1136 1232
1432 1769
346 142
252 46
195 1198
1147 665
2321 1294
885 151
700 1961
306 813
2021 1357
2892 1260
958 1024
209 1671
2730 1503
2068 2917
1073 2032
1 1195
2290 2850
2638 2517
1567 2027
1555 1462
711 833
737 1147
906 2387
908 1096
1713 2825
1396 2900
1490 1050
2260 95
1906 2542
2726 974
241 803
1872 213
729 1244
2151 2733
695 2768
2883 1366
256 1408
1300 1376
1080 2116
2703 285
856 119
44 2954
1559 1513
2062 415
1118 1556
782 1628
1096 1649
1222 2381
1173 797
137 1711
2488 255
2494 156
638 1740
2254 1588
414 53
596 1181
2296 1015
374 646
817 1429
2585 959
2428 2562
2748 1988
576 1274
1281 1203
223 1659
726 2186
1525 1918
961 245
11 299
692 1720
2758 2933
1763 688
2144 810
2108 1527
1078 1878
855 2233
1642 1953
1883 657
1505 1447
1170 2288
85 503
2160 1687
674 2023
2596 228
1874 2238
2404 1571
79 1787
132 654
1789 1246
2635 1102
459 2076
2297 1146
2222 1639
511 25
2314 2534
1032 1420
247 1145
1724 1766
455 2433
527 1799
2750 926
1042 125
10 321
1326 2797
1673 1052
2520 1434
379 535
474 717
267 1214
1826 276
2230 736
2965 22
2202 922
1289 1766
1337 1307
198 2598
2035 1946
2907 2232
124 1998
2875 2480
2272 2868
1339 2148
1126 600
2588 2903
1023 484
453 83
2540 317
1383 1926
2149 616
2551 2520
2807 711
2548 370
1728 2097
39 154
1767 2650
417 5
1025 87
184 1588
1097 981
573 307
739 2243
979 1910
2391 678
